<?xml version="1.0" encoding="UTF-8"?>
<coverage generated="1754493773364" clover="3.2.0">
  <project timestamp="1754493773364" name="All files">
    <metrics statements="310" coveredstatements="292" conditionals="128" coveredconditionals="108" methods="51" coveredmethods="40" elements="489" coveredelements="440" complexity="0" loc="310" ncloc="310" packages="6" files="20" classes="20"/>
    <package name="User.controllers">
      <metrics statements="118" coveredstatements="111" conditionals="54" coveredconditionals="37" methods="11" coveredmethods="11"/>
      <file name="authCtrl.ts" path="C:\Users\cesarluis\Desktop\RecolectaSPM\server\src\User\controllers\authCtrl.ts">
        <metrics statements="97" coveredstatements="90" conditionals="54" coveredconditionals="37" methods="8" coveredmethods="8"/>
        <line num="3" count="1" type="stmt"/>
        <line num="4" count="1" type="stmt"/>
        <line num="5" count="1" type="stmt"/>
        <line num="6" count="1" type="stmt"/>
        <line num="7" count="1" type="stmt"/>
        <line num="8" count="1" type="stmt"/>
        <line num="9" count="1" type="stmt"/>
        <line num="10" count="1" type="stmt"/>
        <line num="12" count="1" type="stmt"/>
        <line num="13" count="3" type="stmt"/>
        <line num="14" count="3" type="stmt"/>
        <line num="15" count="3" type="stmt"/>
        <line num="17" count="3" type="cond" truecount="6" falsecount="0"/>
        <line num="18" count="1" type="stmt"/>
        <line num="20" count="2" type="cond" truecount="3" falsecount="1"/>
        <line num="21" count="0" type="stmt"/>
        <line num="23" count="2" type="cond" truecount="1" falsecount="1"/>
        <line num="24" count="0" type="stmt"/>
        <line num="26" count="2" type="stmt"/>
        <line num="27" count="2" type="cond" truecount="2" falsecount="0"/>
        <line num="29" count="1" type="stmt"/>
        <line num="30" count="1" type="stmt"/>
        <line num="32" count="1" type="stmt"/>
        <line num="34" count="2" type="stmt"/>
        <line num="38" count="1" type="stmt"/>
        <line num="39" count="1" type="stmt"/>
        <line num="40" count="1" type="stmt"/>
        <line num="41" count="1" type="stmt"/>
        <line num="43" count="1" type="stmt"/>
        <line num="45" count="1" type="stmt"/>
        <line num="52" count="1" type="stmt"/>
        <line num="63" count="0" type="stmt"/>
        <line num="67" count="1" type="stmt"/>
        <line num="68" count="1" type="stmt"/>
        <line num="69" count="1" type="stmt"/>
        <line num="70" count="1" type="stmt"/>
        <line num="71" count="1" type="stmt"/>
        <line num="73" count="0" type="stmt"/>
        <line num="77" count="1" type="stmt"/>
        <line num="78" count="1" type="stmt"/>
        <line num="79" count="1" type="stmt"/>
        <line num="81" count="1" type="stmt"/>
        <line num="83" count="1" type="stmt"/>
        <line num="94" count="0" type="stmt"/>
        <line num="98" count="1" type="stmt"/>
        <line num="99" count="2" type="stmt"/>
        <line num="100" count="2" type="stmt"/>
        <line num="102" count="2" type="cond" truecount="2" falsecount="0"/>
        <line num="103" count="1" type="stmt"/>
        <line num="105" count="1" type="stmt"/>
        <line num="106" count="1" type="stmt"/>
        <line num="108" count="1" type="stmt"/>
        <line num="109" count="1" type="stmt"/>
        <line num="111" count="1" type="stmt"/>
        <line num="113" count="1" type="stmt"/>
        <line num="131" count="1" type="stmt"/>
        <line num="135" count="1" type="stmt"/>
        <line num="136" count="3" type="stmt"/>
        <line num="137" count="3" type="stmt"/>
        <line num="138" count="3" type="cond" truecount="4" falsecount="0"/>
        <line num="139" count="1" type="stmt"/>
        <line num="141" count="2" type="cond" truecount="3" falsecount="1"/>
        <line num="142" count="0" type="stmt"/>
        <line num="144" count="2" type="stmt"/>
        <line num="146" count="1" type="stmt"/>
        <line num="147" count="1" type="stmt"/>
        <line num="149" count="1" type="stmt"/>
        <line num="151" count="1" type="stmt"/>
        <line num="169" count="2" type="stmt"/>
        <line num="173" count="1" type="stmt"/>
        <line num="174" count="3" type="stmt"/>
        <line num="175" count="3" type="stmt"/>
        <line num="176" count="3" type="cond" truecount="2" falsecount="0"/>
        <line num="177" count="1" type="stmt"/>
        <line num="180" count="2" type="stmt"/>
        <line num="181" count="2" type="stmt"/>
        <line num="183" count="1" type="stmt"/>
        <line num="186" count="1" type="stmt"/>
        <line num="187" count="1" type="cond" truecount="1" falsecount="1"/>
        <line num="189" count="1" type="stmt"/>
        <line num="190" count="1" type="stmt"/>
        <line num="191" count="1" type="stmt"/>
        <line num="193" count="1" type="stmt"/>
        <line num="194" count="1" type="stmt"/>
        <line num="196" count="1" type="stmt"/>
        <line num="213" count="2" type="stmt"/>
        <line num="217" count="1" type="stmt"/>
        <line num="218" count="2" type="stmt"/>
        <line num="219" count="2" type="stmt"/>
        <line num="220" count="2" type="cond" truecount="1" falsecount="1"/>
        <line num="222" count="2" type="stmt"/>
        <line num="223" count="2" type="stmt"/>
        <line num="225" count="1" type="stmt"/>
        <line num="237" count="1" type="stmt"/>
        <line num="239" count="1" type="stmt"/>
        <line num="242" count="1" type="stmt"/>
        <line num="257" count="0" type="stmt"/>
      </file>
      <file name="userCtrl.ts" path="C:\Users\cesarluis\Desktop\RecolectaSPM\server\src\User\controllers\userCtrl.ts">
        <metrics statements="21" coveredstatements="21" conditionals="0" coveredconditionals="0" methods="3" coveredmethods="3"/>
        <line num="2" count="1" type="stmt"/>
        <line num="3" count="1" type="stmt"/>
        <line num="6" count="1" type="stmt"/>
        <line num="7" count="2" type="stmt"/>
        <line num="8" count="2" type="stmt"/>
        <line num="9" count="2" type="stmt"/>
        <line num="10" count="1" type="stmt"/>
        <line num="11" count="1" type="stmt"/>
        <line num="13" count="1" type="stmt"/>
        <line num="17" count="1" type="stmt"/>
        <line num="18" count="2" type="stmt"/>
        <line num="19" count="2" type="stmt"/>
        <line num="20" count="2" type="stmt"/>
        <line num="21" count="1" type="stmt"/>
        <line num="23" count="1" type="stmt"/>
        <line num="27" count="1" type="stmt"/>
        <line num="28" count="2" type="stmt"/>
        <line num="29" count="2" type="stmt"/>
        <line num="30" count="2" type="stmt"/>
        <line num="31" count="1" type="stmt"/>
        <line num="33" count="1" type="stmt"/>
      </file>
    </package>
    <package name="User.repository">
      <metrics statements="78" coveredstatements="74" conditionals="18" coveredconditionals="18" methods="17" coveredmethods="13"/>
      <file name="authModel.ts" path="C:\Users\cesarluis\Desktop\RecolectaSPM\server\src\User\repository\authModel.ts">
        <metrics statements="4" coveredstatements="4" conditionals="0" coveredconditionals="0" methods="0" coveredmethods="0"/>
        <line num="1" count="3" type="stmt"/>
        <line num="7" count="3" type="stmt"/>
        <line num="20" count="3" type="stmt"/>
        <line num="37" count="3" type="stmt"/>
      </file>
      <file name="authRepository.ts" path="C:\Users\cesarluis\Desktop\RecolectaSPM\server\src\User\repository\authRepository.ts">
        <metrics statements="22" coveredstatements="21" conditionals="8" coveredconditionals="8" methods="5" coveredmethods="4"/>
        <line num="2" count="3" type="stmt"/>
        <line num="3" count="3" type="stmt"/>
        <line num="4" count="3" type="stmt"/>
        <line num="10" count="3" type="stmt"/>
        <line num="13" count="0" type="stmt"/>
        <line num="17" count="2" type="stmt"/>
        <line num="19" count="2" type="cond" truecount="2" falsecount="0"/>
        <line num="20" count="1" type="stmt"/>
        <line num="22" count="1" type="stmt"/>
        <line num="26" count="2" type="stmt"/>
        <line num="31" count="2" type="cond" truecount="2" falsecount="0"/>
        <line num="32" count="1" type="stmt"/>
        <line num="34" count="1" type="stmt"/>
        <line num="39" count="2" type="stmt"/>
        <line num="41" count="2" type="cond" truecount="2" falsecount="0"/>
        <line num="42" count="1" type="stmt"/>
        <line num="44" count="1" type="stmt"/>
        <line num="45" count="1" type="stmt"/>
        <line num="49" count="2" type="stmt"/>
        <line num="54" count="2" type="cond" truecount="2" falsecount="0"/>
        <line num="55" count="1" type="stmt"/>
        <line num="57" count="1" type="stmt"/>
      </file>
      <file name="magicLinkModel.ts" path="C:\Users\cesarluis\Desktop\RecolectaSPM\server\src\User\repository\magicLinkModel.ts">
        <metrics statements="4" coveredstatements="4" conditionals="0" coveredconditionals="0" methods="0" coveredmethods="0"/>
        <line num="1" count="3" type="stmt"/>
        <line num="7" count="3" type="stmt"/>
        <line num="21" count="3" type="stmt"/>
        <line num="33" count="3" type="stmt"/>
      </file>
      <file name="magicLinkRepository.ts" path="C:\Users\cesarluis\Desktop\RecolectaSPM\server\src\User\repository\magicLinkRepository.ts">
        <metrics statements="18" coveredstatements="17" conditionals="6" coveredconditionals="6" methods="5" coveredmethods="4"/>
        <line num="2" count="3" type="stmt"/>
        <line num="3" count="3" type="stmt"/>
        <line num="4" count="3" type="stmt"/>
        <line num="12" count="3" type="stmt"/>
        <line num="15" count="0" type="stmt"/>
        <line num="19" count="2" type="stmt"/>
        <line num="24" count="2" type="cond" truecount="2" falsecount="0"/>
        <line num="25" count="1" type="stmt"/>
        <line num="27" count="1" type="stmt"/>
        <line num="28" count="1" type="stmt"/>
        <line num="32" count="2" type="stmt"/>
        <line num="37" count="2" type="cond" truecount="2" falsecount="0"/>
        <line num="38" count="1" type="stmt"/>
        <line num="40" count="1" type="stmt"/>
        <line num="44" count="2" type="stmt"/>
        <line num="49" count="2" type="cond" truecount="2" falsecount="0"/>
        <line num="50" count="1" type="stmt"/>
        <line num="54" count="1" type="stmt"/>
      </file>
      <file name="tokenModel.ts" path="C:\Users\cesarluis\Desktop\RecolectaSPM\server\src\User\repository\tokenModel.ts">
        <metrics statements="3" coveredstatements="3" conditionals="0" coveredconditionals="0" methods="0" coveredmethods="0"/>
        <line num="1" count="2" type="stmt"/>
        <line num="6" count="2" type="stmt"/>
        <line num="13" count="2" type="stmt"/>
      </file>
      <file name="tokenRepository.ts" path="C:\Users\cesarluis\Desktop\RecolectaSPM\server\src\User\repository\tokenRepository.ts">
        <metrics statements="10" coveredstatements="9" conditionals="0" coveredconditionals="0" methods="4" coveredmethods="3"/>
        <line num="2" count="2" type="stmt"/>
        <line num="4" count="2" type="stmt"/>
        <line num="5" count="2" type="stmt"/>
        <line num="9" count="2" type="stmt"/>
        <line num="12" count="0" type="stmt"/>
        <line num="17" count="1" type="stmt"/>
        <line num="18" count="1" type="stmt"/>
        <line num="25" count="2" type="stmt"/>
        <line num="30" count="2" type="stmt"/>
        <line num="34" count="1" type="stmt"/>
      </file>
      <file name="userModel.ts" path="C:\Users\cesarluis\Desktop\RecolectaSPM\server\src\User\repository\userModel.ts">
        <metrics statements="2" coveredstatements="2" conditionals="0" coveredconditionals="0" methods="0" coveredmethods="0"/>
        <line num="1" count="7" type="stmt"/>
        <line num="17" count="7" type="stmt"/>
      </file>
      <file name="userRepository.ts" path="C:\Users\cesarluis\Desktop\RecolectaSPM\server\src\User\repository\userRepository.ts">
        <metrics statements="15" coveredstatements="14" conditionals="4" coveredconditionals="4" methods="3" coveredmethods="2"/>
        <line num="2" count="7" type="stmt"/>
        <line num="3" count="7" type="stmt"/>
        <line num="5" count="7" type="stmt"/>
        <line num="7" count="7" type="stmt"/>
        <line num="10" count="0" type="stmt"/>
        <line num="14" count="2" type="stmt"/>
        <line num="19" count="2" type="cond" truecount="2" falsecount="0"/>
        <line num="20" count="1" type="stmt"/>
        <line num="22" count="1" type="stmt"/>
        <line num="23" count="1" type="stmt"/>
        <line num="27" count="2" type="stmt"/>
        <line num="32" count="2" type="cond" truecount="2" falsecount="0"/>
        <line num="33" count="1" type="stmt"/>
        <line num="35" count="1" type="stmt"/>
        <line num="36" count="1" type="stmt"/>
      </file>
    </package>
    <package name="User.services">
      <metrics statements="70" coveredstatements="70" conditionals="20" coveredconditionals="20" methods="10" coveredmethods="10"/>
      <file name="authServices.ts" path="C:\Users\cesarluis\Desktop\RecolectaSPM\server\src\User\services\authServices.ts">
        <metrics statements="35" coveredstatements="35" conditionals="6" coveredconditionals="6" methods="6" coveredmethods="6"/>
        <line num="3" count="2" type="stmt"/>
        <line num="4" count="2" type="stmt"/>
        <line num="5" count="2" type="stmt"/>
        <line num="6" count="2" type="stmt"/>
        <line num="7" count="2" type="stmt"/>
        <line num="10" count="2" type="stmt"/>
        <line num="11" count="3" type="stmt"/>
        <line num="12" count="3" type="stmt"/>
        <line num="15" count="1" type="stmt"/>
        <line num="17" count="1" type="stmt"/>
        <line num="19" count="2" type="stmt"/>
        <line num="22" count="2" type="cond" truecount="2" falsecount="0"/>
        <line num="23" count="1" type="stmt"/>
        <line num="25" count="1" type="stmt"/>
        <line num="29" count="2" type="stmt"/>
        <line num="30" count="1" type="stmt"/>
        <line num="31" count="1" type="stmt"/>
        <line num="34" count="2" type="stmt"/>
        <line num="35" count="1" type="stmt"/>
        <line num="37" count="1" type="stmt"/>
        <line num="38" count="1" type="stmt"/>
        <line num="39" count="1" type="stmt"/>
        <line num="47" count="2" type="stmt"/>
        <line num="48" count="1" type="stmt"/>
        <line num="50" count="1" type="stmt"/>
        <line num="54" count="2" type="stmt"/>
        <line num="55" count="3" type="stmt"/>
        <line num="56" count="3" type="cond" truecount="2" falsecount="0"/>
        <line num="57" count="1" type="stmt"/>
        <line num="59" count="2" type="stmt"/>
        <line num="60" count="2" type="cond" truecount="2" falsecount="0"/>
        <line num="62" count="1" type="stmt"/>
        <line num="65" count="2" type="stmt"/>
        <line num="66" count="1" type="stmt"/>
        <line num="67" count="1" type="stmt"/>
      </file>
      <file name="cedulaService.ts" path="C:\Users\cesarluis\Desktop\RecolectaSPM\server\src\User\services\cedulaService.ts">
        <metrics statements="15" coveredstatements="15" conditionals="8" coveredconditionals="8" methods="1" coveredmethods="1"/>
        <line num="3" count="2" type="stmt"/>
        <line num="5" count="7" type="stmt"/>
        <line num="8" count="7" type="cond" truecount="2" falsecount="0"/>
        <line num="9" count="2" type="stmt"/>
        <line num="13" count="5" type="cond" truecount="2" falsecount="0"/>
        <line num="14" count="2" type="stmt"/>
        <line num="18" count="3" type="stmt"/>
        <line num="19" count="3" type="stmt"/>
        <line num="22" count="3" type="stmt"/>
        <line num="23" count="3" type="stmt"/>
        <line num="24" count="30" type="cond" truecount="2" falsecount="0"/>
        <line num="25" count="30" type="stmt"/>
        <line num="26" count="30" type="cond" truecount="2" falsecount="0"/>
        <line num="28" count="3" type="stmt"/>
        <line num="31" count="3" type="stmt"/>
      </file>
      <file name="emailVerificationService.ts" path="C:\Users\cesarluis\Desktop\RecolectaSPM\server\src\User\services\emailVerificationService.ts">
        <metrics statements="11" coveredstatements="11" conditionals="4" coveredconditionals="4" methods="1" coveredmethods="1"/>
        <line num="1" count="2" type="stmt"/>
        <line num="2" count="2" type="stmt"/>
        <line num="3" count="2" type="stmt"/>
        <line num="5" count="2" type="stmt"/>
        <line num="6" count="3" type="stmt"/>
        <line num="7" count="3" type="cond" truecount="2" falsecount="0"/>
        <line num="8" count="1" type="stmt"/>
        <line num="10" count="2" type="stmt"/>
        <line num="11" count="2" type="cond" truecount="2" falsecount="0"/>
        <line num="12" count="1" type="stmt"/>
        <line num="14" count="1" type="stmt"/>
      </file>
      <file name="userServices.ts" path="C:\Users\cesarluis\Desktop\RecolectaSPM\server\src\User\services\userServices.ts">
        <metrics statements="9" coveredstatements="9" conditionals="2" coveredconditionals="2" methods="2" coveredmethods="2"/>
        <line num="2" count="2" type="stmt"/>
        <line num="3" count="2" type="stmt"/>
        <line num="5" count="2" type="stmt"/>
        <line num="6" count="2" type="stmt"/>
        <line num="7" count="2" type="cond" truecount="2" falsecount="0"/>
        <line num="9" count="1" type="stmt"/>
        <line num="12" count="2" type="stmt"/>
        <line num="13" count="2" type="stmt"/>
        <line num="14" count="1" type="stmt"/>
      </file>
    </package>
    <package name="config">
      <metrics statements="2" coveredstatements="2" conditionals="28" coveredconditionals="27" methods="0" coveredmethods="0"/>
      <file name="index.ts" path="C:\Users\cesarluis\Desktop\RecolectaSPM\server\src\config\index.ts">
        <metrics statements="2" coveredstatements="2" conditionals="28" coveredconditionals="27" methods="0" coveredmethods="0"/>
        <line num="24" count="13" type="stmt"/>
        <line num="47" count="13" type="stmt"/>
      </file>
    </package>
    <package name="database">
      <metrics statements="4" coveredstatements="4" conditionals="2" coveredconditionals="2" methods="0" coveredmethods="0"/>
      <file name="index.ts" path="C:\Users\cesarluis\Desktop\RecolectaSPM\server\src\database\index.ts">
        <metrics statements="4" coveredstatements="4" conditionals="2" coveredconditionals="2" methods="0" coveredmethods="0"/>
        <line num="1" count="9" type="stmt"/>
        <line num="2" count="9" type="stmt"/>
        <line num="5" count="9" type="cond" truecount="2" falsecount="0"/>
        <line num="8" count="9" type="stmt"/>
      </file>
    </package>
    <package name="utils">
      <metrics statements="38" coveredstatements="31" conditionals="6" coveredconditionals="4" methods="13" coveredmethods="6"/>
      <file name="SMTP.ts" path="C:\Users\cesarluis\Desktop\RecolectaSPM\server\src\utils\SMTP.ts">
        <metrics statements="4" coveredstatements="4" conditionals="0" coveredconditionals="0" methods="0" coveredmethods="0"/>
        <line num="1" count="1" type="stmt"/>
        <line num="2" count="1" type="stmt"/>
        <line num="4" count="1" type="stmt"/>
        <line num="14" count="1" type="stmt"/>
      </file>
      <file name="error.ts" path="C:\Users\cesarluis\Desktop\RecolectaSPM\server\src\utils\error.ts">
        <metrics statements="16" coveredstatements="15" conditionals="6" coveredconditionals="4" methods="7" coveredmethods="6"/>
        <line num="1" count="16" type="stmt"/>
        <line num="4" count="23" type="stmt"/>
        <line num="5" count="23" type="stmt"/>
        <line num="6" count="23" type="stmt"/>
        <line num="10" count="16" type="stmt"/>
        <line num="12" count="9" type="stmt"/>
        <line num="16" count="16" type="stmt"/>
        <line num="18" count="2" type="stmt"/>
        <line num="22" count="16" type="stmt"/>
        <line num="24" count="4" type="stmt"/>
        <line num="28" count="16" type="stmt"/>
        <line num="30" count="0" type="stmt"/>
        <line num="34" count="16" type="stmt"/>
        <line num="36" count="6" type="stmt"/>
        <line num="40" count="16" type="stmt"/>
        <line num="42" count="2" type="stmt"/>
      </file>
      <file name="hash.ts" path="C:\Users\cesarluis\Desktop\RecolectaSPM\server\src\utils\hash.ts">
        <metrics statements="6" coveredstatements="4" conditionals="0" coveredconditionals="0" methods="2" coveredmethods="0"/>
        <line num="1" count="2" type="stmt"/>
        <line num="3" count="2" type="stmt"/>
        <line num="5" count="2" type="stmt"/>
        <line num="6" count="0" type="stmt"/>
        <line num="9" count="2" type="stmt"/>
        <line num="10" count="0" type="stmt"/>
      </file>
      <file name="token.ts" path="C:\Users\cesarluis\Desktop\RecolectaSPM\server\src\utils\token.ts">
        <metrics statements="12" coveredstatements="8" conditionals="0" coveredconditionals="0" methods="4" coveredmethods="0"/>
        <line num="1" count="2" type="stmt"/>
        <line num="2" count="2" type="stmt"/>
        <line num="9" count="2" type="stmt"/>
        <line num="10" count="2" type="stmt"/>
        <line num="12" count="2" type="stmt"/>
        <line num="13" count="0" type="stmt"/>
        <line num="16" count="2" type="stmt"/>
        <line num="17" count="0" type="stmt"/>
        <line num="20" count="2" type="stmt"/>
        <line num="21" count="0" type="stmt"/>
        <line num="24" count="2" type="stmt"/>
        <line num="25" count="0" type="stmt"/>
      </file>
    </package>
  </project>
</coverage>
