{"C:\\Users\\cesarluis\\Desktop\\RecolectaSPM\\server\\src\\User\\controllers\\authCtrl.ts": {"path":"C:\\Users\\cesarluis\\Desktop\\RecolectaSPM\\server\\src\\User\\controllers\\authCtrl.ts","statementMap":{"0":{"start":{"line":3,"column":0},"end":{"line":3,"column":87}},"1":{"start":{"line":4,"column":0},"end":{"line":4,"column":66}},"2":{"start":{"line":5,"column":0},"end":{"line":5,"column":165}},"3":{"start":{"line":6,"column":0},"end":{"line":6,"column":34}},"4":{"start":{"line":7,"column":0},"end":{"line":7,"column":131}},"5":{"start":{"line":8,"column":0},"end":{"line":8,"column":60}},"6":{"start":{"line":9,"column":0},"end":{"line":9,"column":80}},"7":{"start":{"line":10,"column":0},"end":{"line":10,"column":43}},"8":{"start":{"line":12,"column":38},"end":{"line":36,"column":1}},"9":{"start":{"line":13,"column":4},"end":{"line":35,"column":5}},"10":{"start":{"line":14,"column":33},"end":{"line":14,"column":41}},"11":{"start":{"line":15,"column":31},"end":{"line":15,"column":56}},"12":{"start":{"line":17,"column":8},"end":{"line":18,"column":70}},"13":{"start":{"line":18,"column":12},"end":{"line":18,"column":70}},"14":{"start":{"line":20,"column":8},"end":{"line":21,"column":70}},"15":{"start":{"line":21,"column":12},"end":{"line":21,"column":70}},"16":{"start":{"line":23,"column":8},"end":{"line":24,"column":69}},"17":{"start":{"line":24,"column":12},"end":{"line":24,"column":69}},"18":{"start":{"line":26,"column":29},"end":{"line":26,"column":63}},"19":{"start":{"line":27,"column":8},"end":{"line":27,"column":72}},"20":{"start":{"line":27,"column":27},"end":{"line":27,"column":72}},"21":{"start":{"line":29,"column":8},"end":{"line":29,"column":51}},"22":{"start":{"line":30,"column":21},"end":{"line":30,"column":68}},"23":{"start":{"line":32,"column":8},"end":{"line":32,"column":85}},"24":{"start":{"line":34,"column":8},"end":{"line":34,"column":16}},"25":{"start":{"line":12,"column":13},"end":{"line":12,"column":38}},"26":{"start":{"line":38,"column":41},"end":{"line":65,"column":1}},"27":{"start":{"line":39,"column":4},"end":{"line":64,"column":5}},"28":{"start":{"line":40,"column":35},"end":{"line":40,"column":43}},"29":{"start":{"line":41,"column":35},"end":{"line":41,"column":66}},"30":{"start":{"line":43,"column":26},"end":{"line":43,"column":66}},"31":{"start":{"line":45,"column":8},"end":{"line":50,"column":11}},"32":{"start":{"line":52,"column":8},"end":{"line":61,"column":64}},"33":{"start":{"line":63,"column":8},"end":{"line":63,"column":16}},"34":{"start":{"line":38,"column":13},"end":{"line":38,"column":41}},"35":{"start":{"line":67,"column":49},"end":{"line":75,"column":1}},"36":{"start":{"line":68,"column":4},"end":{"line":74,"column":5}},"37":{"start":{"line":69,"column":19},"end":{"line":69,"column":32}},"38":{"start":{"line":70,"column":21},"end":{"line":70,"column":53}},"39":{"start":{"line":71,"column":8},"end":{"line":71,"column":45}},"40":{"start":{"line":73,"column":8},"end":{"line":73,"column":16}},"41":{"start":{"line":67,"column":13},"end":{"line":67,"column":49}},"42":{"start":{"line":77,"column":44},"end":{"line":96,"column":1}},"43":{"start":{"line":78,"column":4},"end":{"line":95,"column":5}},"44":{"start":{"line":79,"column":19},"end":{"line":79,"column":42}},"45":{"start":{"line":81,"column":27},"end":{"line":81,"column":56}},"46":{"start":{"line":83,"column":8},"end":{"line":92,"column":68}},"47":{"start":{"line":94,"column":8},"end":{"line":94,"column":16}},"48":{"start":{"line":77,"column":13},"end":{"line":77,"column":44}},"49":{"start":{"line":98,"column":44},"end":{"line":133,"column":1}},"50":{"start":{"line":99,"column":4},"end":{"line":132,"column":5}},"51":{"start":{"line":100,"column":22},"end":{"line":100,"column":44}},"52":{"start":{"line":102,"column":8},"end":{"line":103,"column":42}},"53":{"start":{"line":103,"column":12},"end":{"line":103,"column":42}},"54":{"start":{"line":105,"column":19},"end":{"line":105,"column":32}},"55":{"start":{"line":106,"column":21},"end":{"line":106,"column":57}},"56":{"start":{"line":108,"column":28},"end":{"line":108,"column":97}},"57":{"start":{"line":109,"column":29},"end":{"line":109,"column":99}},"58":{"start":{"line":111,"column":8},"end":{"line":111,"column":64}},"59":{"start":{"line":113,"column":8},"end":{"line":129,"column":70}},"60":{"start":{"line":131,"column":8},"end":{"line":131,"column":16}},"61":{"start":{"line":98,"column":13},"end":{"line":98,"column":44}},"62":{"start":{"line":135,"column":37},"end":{"line":171,"column":1}},"63":{"start":{"line":136,"column":4},"end":{"line":170,"column":5}},"64":{"start":{"line":137,"column":32},"end":{"line":137,"column":40}},"65":{"start":{"line":138,"column":8},"end":{"line":139,"column":70}},"66":{"start":{"line":139,"column":12},"end":{"line":139,"column":70}},"67":{"start":{"line":141,"column":8},"end":{"line":142,"column":67}},"68":{"start":{"line":142,"column":12},"end":{"line":142,"column":67}},"69":{"start":{"line":144,"column":21},"end":{"line":144,"column":49}},"70":{"start":{"line":146,"column":28},"end":{"line":146,"column":97}},"71":{"start":{"line":147,"column":29},"end":{"line":147,"column":99}},"72":{"start":{"line":149,"column":8},"end":{"line":149,"column":64}},"73":{"start":{"line":151,"column":8},"end":{"line":167,"column":70}},"74":{"start":{"line":169,"column":8},"end":{"line":169,"column":16}},"75":{"start":{"line":135,"column":13},"end":{"line":135,"column":37}},"76":{"start":{"line":173,"column":44},"end":{"line":215,"column":1}},"77":{"start":{"line":174,"column":4},"end":{"line":214,"column":5}},"78":{"start":{"line":175,"column":22},"end":{"line":175,"column":46}},"79":{"start":{"line":176,"column":8},"end":{"line":177,"column":42}},"80":{"start":{"line":177,"column":12},"end":{"line":177,"column":42}},"81":{"start":{"line":180,"column":8},"end":{"line":184,"column":9}},"82":{"start":{"line":181,"column":12},"end":{"line":181,"column":48}},"83":{"start":{"line":183,"column":12},"end":{"line":183,"column":39}},"84":{"start":{"line":186,"column":22},"end":{"line":186,"column":82}},"85":{"start":{"line":187,"column":8},"end":{"line":187,"column":47}},"86":{"start":{"line":187,"column":20},"end":{"line":187,"column":47}},"87":{"start":{"line":189,"column":37},"end":{"line":189,"column":44}},"88":{"start":{"line":190,"column":28},"end":{"line":190,"column":69}},"89":{"start":{"line":191,"column":29},"end":{"line":191,"column":71}},"90":{"start":{"line":193,"column":8},"end":{"line":193,"column":53}},"91":{"start":{"line":194,"column":8},"end":{"line":194,"column":67}},"92":{"start":{"line":196,"column":8},"end":{"line":211,"column":29}},"93":{"start":{"line":213,"column":8},"end":{"line":213,"column":16}},"94":{"start":{"line":173,"column":13},"end":{"line":173,"column":44}},"95":{"start":{"line":217,"column":38},"end":{"line":259,"column":1}},"96":{"start":{"line":218,"column":4},"end":{"line":258,"column":5}},"97":{"start":{"line":219,"column":22},"end":{"line":219,"column":46}},"98":{"start":{"line":220,"column":8},"end":{"line":240,"column":9}},"99":{"start":{"line":222,"column":12},"end":{"line":238,"column":13}},"100":{"start":{"line":223,"column":16},"end":{"line":223,"column":52}},"101":{"start":{"line":225,"column":16},"end":{"line":236,"column":37}},"102":{"start":{"line":237,"column":16},"end":{"line":237,"column":23}},"103":{"start":{"line":239,"column":12},"end":{"line":239,"column":65}},"104":{"start":{"line":242,"column":8},"end":{"line":255,"column":29}},"105":{"start":{"line":257,"column":8},"end":{"line":257,"column":16}},"106":{"start":{"line":217,"column":13},"end":{"line":217,"column":38}}},"fnMap":{"0":{"name":"(anonymous_1)","decl":{"start":{"line":12,"column":38},"end":{"line":12,"column":43}},"loc":{"start":{"line":12,"column":63},"end":{"line":36,"column":1}}},"1":{"name":"(anonymous_2)","decl":{"start":{"line":38,"column":41},"end":{"line":38,"column":46}},"loc":{"start":{"line":38,"column":66},"end":{"line":65,"column":1}}},"2":{"name":"(anonymous_3)","decl":{"start":{"line":67,"column":49},"end":{"line":67,"column":54}},"loc":{"start":{"line":67,"column":74},"end":{"line":75,"column":1}}},"3":{"name":"(anonymous_4)","decl":{"start":{"line":77,"column":44},"end":{"line":77,"column":49}},"loc":{"start":{"line":77,"column":69},"end":{"line":96,"column":1}}},"4":{"name":"(anonymous_5)","decl":{"start":{"line":98,"column":44},"end":{"line":98,"column":49}},"loc":{"start":{"line":98,"column":69},"end":{"line":133,"column":1}}},"5":{"name":"(anonymous_6)","decl":{"start":{"line":135,"column":37},"end":{"line":135,"column":42}},"loc":{"start":{"line":135,"column":62},"end":{"line":171,"column":1}}},"6":{"name":"(anonymous_7)","decl":{"start":{"line":173,"column":44},"end":{"line":173,"column":49}},"loc":{"start":{"line":173,"column":69},"end":{"line":215,"column":1}}},"7":{"name":"(anonymous_8)","decl":{"start":{"line":217,"column":38},"end":{"line":217,"column":43}},"loc":{"start":{"line":217,"column":63},"end":{"line":259,"column":1}}}},"branchMap":{"0":{"loc":{"start":{"line":17,"column":8},"end":{"line":18,"column":70}},"type":"if","locations":[{"start":{"line":17,"column":8},"end":{"line":18,"column":70}},{"start":{},"end":{}}]},"1":{"loc":{"start":{"line":17,"column":12},"end":{"line":17,"column":73}},"type":"binary-expr","locations":[{"start":{"line":17,"column":12},"end":{"line":17,"column":24}},{"start":{"line":17,"column":28},"end":{"line":17,"column":42}},{"start":{"line":17,"column":46},"end":{"line":17,"column":58}},{"start":{"line":17,"column":62},"end":{"line":17,"column":73}}]},"2":{"loc":{"start":{"line":20,"column":8},"end":{"line":21,"column":70}},"type":"if","locations":[{"start":{"line":20,"column":8},"end":{"line":21,"column":70}},{"start":{},"end":{}}]},"3":{"loc":{"start":{"line":20,"column":12},"end":{"line":20,"column":69}},"type":"binary-expr","locations":[{"start":{"line":20,"column":12},"end":{"line":20,"column":42}},{"start":{"line":20,"column":46},"end":{"line":20,"column":69}}]},"4":{"loc":{"start":{"line":23,"column":8},"end":{"line":24,"column":69}},"type":"if","locations":[{"start":{"line":23,"column":8},"end":{"line":24,"column":69}},{"start":{},"end":{}}]},"5":{"loc":{"start":{"line":27,"column":8},"end":{"line":27,"column":72}},"type":"if","locations":[{"start":{"line":27,"column":8},"end":{"line":27,"column":72}},{"start":{},"end":{}}]},"6":{"loc":{"start":{"line":56,"column":26},"end":{"line":56,"column":70}},"type":"cond-expr","locations":[{"start":{"line":56,"column":56},"end":{"line":56,"column":62}},{"start":{"line":56,"column":65},"end":{"line":56,"column":70}}]},"7":{"loc":{"start":{"line":87,"column":26},"end":{"line":87,"column":70}},"type":"cond-expr","locations":[{"start":{"line":87,"column":56},"end":{"line":87,"column":62}},{"start":{"line":87,"column":65},"end":{"line":87,"column":70}}]},"8":{"loc":{"start":{"line":102,"column":8},"end":{"line":103,"column":42}},"type":"if","locations":[{"start":{"line":102,"column":8},"end":{"line":103,"column":42}},{"start":{},"end":{}}]},"9":{"loc":{"start":{"line":117,"column":26},"end":{"line":117,"column":70}},"type":"cond-expr","locations":[{"start":{"line":117,"column":56},"end":{"line":117,"column":62}},{"start":{"line":117,"column":65},"end":{"line":117,"column":70}}]},"10":{"loc":{"start":{"line":124,"column":26},"end":{"line":124,"column":70}},"type":"cond-expr","locations":[{"start":{"line":124,"column":56},"end":{"line":124,"column":62}},{"start":{"line":124,"column":65},"end":{"line":124,"column":70}}]},"11":{"loc":{"start":{"line":138,"column":8},"end":{"line":139,"column":70}},"type":"if","locations":[{"start":{"line":138,"column":8},"end":{"line":139,"column":70}},{"start":{},"end":{}}]},"12":{"loc":{"start":{"line":138,"column":12},"end":{"line":138,"column":41}},"type":"binary-expr","locations":[{"start":{"line":138,"column":12},"end":{"line":138,"column":23}},{"start":{"line":138,"column":27},"end":{"line":138,"column":41}}]},"13":{"loc":{"start":{"line":141,"column":8},"end":{"line":142,"column":67}},"type":"if","locations":[{"start":{"line":141,"column":8},"end":{"line":142,"column":67}},{"start":{},"end":{}}]},"14":{"loc":{"start":{"line":141,"column":12},"end":{"line":141,"column":73}},"type":"binary-expr","locations":[{"start":{"line":141,"column":12},"end":{"line":141,"column":44}},{"start":{"line":141,"column":48},"end":{"line":141,"column":73}}]},"15":{"loc":{"start":{"line":155,"column":26},"end":{"line":155,"column":70}},"type":"cond-expr","locations":[{"start":{"line":155,"column":56},"end":{"line":155,"column":62}},{"start":{"line":155,"column":65},"end":{"line":155,"column":70}}]},"16":{"loc":{"start":{"line":162,"column":26},"end":{"line":162,"column":70}},"type":"cond-expr","locations":[{"start":{"line":162,"column":56},"end":{"line":162,"column":62}},{"start":{"line":162,"column":65},"end":{"line":162,"column":70}}]},"17":{"loc":{"start":{"line":176,"column":8},"end":{"line":177,"column":42}},"type":"if","locations":[{"start":{"line":176,"column":8},"end":{"line":177,"column":42}},{"start":{},"end":{}}]},"18":{"loc":{"start":{"line":187,"column":8},"end":{"line":187,"column":47}},"type":"if","locations":[{"start":{"line":187,"column":8},"end":{"line":187,"column":47}},{"start":{},"end":{}}]},"19":{"loc":{"start":{"line":200,"column":26},"end":{"line":200,"column":70}},"type":"cond-expr","locations":[{"start":{"line":200,"column":56},"end":{"line":200,"column":62}},{"start":{"line":200,"column":65},"end":{"line":200,"column":70}}]},"20":{"loc":{"start":{"line":207,"column":26},"end":{"line":207,"column":70}},"type":"cond-expr","locations":[{"start":{"line":207,"column":56},"end":{"line":207,"column":62}},{"start":{"line":207,"column":65},"end":{"line":207,"column":70}}]},"21":{"loc":{"start":{"line":220,"column":8},"end":{"line":240,"column":9}},"type":"if","locations":[{"start":{"line":220,"column":8},"end":{"line":240,"column":9}},{"start":{},"end":{}}]},"22":{"loc":{"start":{"line":229,"column":34},"end":{"line":229,"column":78}},"type":"cond-expr","locations":[{"start":{"line":229,"column":64},"end":{"line":229,"column":70}},{"start":{"line":229,"column":73},"end":{"line":229,"column":78}}]},"23":{"loc":{"start":{"line":234,"column":34},"end":{"line":234,"column":78}},"type":"cond-expr","locations":[{"start":{"line":234,"column":64},"end":{"line":234,"column":70}},{"start":{"line":234,"column":73},"end":{"line":234,"column":78}}]},"24":{"loc":{"start":{"line":246,"column":26},"end":{"line":246,"column":70}},"type":"cond-expr","locations":[{"start":{"line":246,"column":56},"end":{"line":246,"column":62}},{"start":{"line":246,"column":65},"end":{"line":246,"column":70}}]},"25":{"loc":{"start":{"line":252,"column":26},"end":{"line":252,"column":70}},"type":"cond-expr","locations":[{"start":{"line":252,"column":56},"end":{"line":252,"column":62}},{"start":{"line":252,"column":65},"end":{"line":252,"column":70}}]}},"s":{"0":1,"1":1,"2":1,"3":1,"4":1,"5":1,"6":1,"7":1,"8":1,"9":3,"10":3,"11":3,"12":3,"13":1,"14":2,"15":0,"16":2,"17":0,"18":2,"19":2,"20":1,"21":1,"22":1,"23":1,"24":2,"25":1,"26":1,"27":1,"28":1,"29":1,"30":1,"31":1,"32":1,"33":0,"34":1,"35":1,"36":1,"37":1,"38":1,"39":1,"40":0,"41":1,"42":1,"43":1,"44":1,"45":1,"46":1,"47":0,"48":1,"49":1,"50":2,"51":2,"52":2,"53":1,"54":1,"55":1,"56":1,"57":1,"58":1,"59":1,"60":1,"61":1,"62":1,"63":3,"64":3,"65":3,"66":1,"67":2,"68":0,"69":2,"70":1,"71":1,"72":1,"73":1,"74":2,"75":1,"76":1,"77":3,"78":3,"79":3,"80":1,"81":2,"82":2,"83":1,"84":1,"85":1,"86":0,"87":1,"88":1,"89":1,"90":1,"91":1,"92":1,"93":2,"94":1,"95":1,"96":2,"97":2,"98":2,"99":2,"100":2,"101":1,"102":1,"103":1,"104":1,"105":0,"106":1},"f":{"0":3,"1":1,"2":1,"3":1,"4":2,"5":3,"6":3,"7":2},"b":{"0":[1,2],"1":[3,3,2,2],"2":[0,2],"3":[2,2],"4":[0,2],"5":[1,1],"6":[0,1],"7":[0,1],"8":[1,1],"9":[0,1],"10":[0,1],"11":[1,2],"12":[3,3],"13":[0,2],"14":[2,2],"15":[0,1],"16":[0,1],"17":[1,2],"18":[0,1],"19":[0,1],"20":[0,1],"21":[2,0],"22":[0,1],"23":[0,1],"24":[0,1],"25":[0,1]}}
,"C:\\Users\\cesarluis\\Desktop\\RecolectaSPM\\server\\src\\User\\controllers\\userCtrl.ts": {"path":"C:\\Users\\cesarluis\\Desktop\\RecolectaSPM\\server\\src\\User\\controllers\\userCtrl.ts","statementMap":{"0":{"start":{"line":2,"column":0},"end":{"line":2,"column":54}},"1":{"start":{"line":3,"column":0},"end":{"line":3,"column":75}},"2":{"start":{"line":6,"column":36},"end":{"line":15,"column":1}},"3":{"start":{"line":7,"column":4},"end":{"line":14,"column":5}},"4":{"start":{"line":8,"column":22},"end":{"line":8,"column":45}},"5":{"start":{"line":9,"column":24},"end":{"line":9,"column":48}},"6":{"start":{"line":10,"column":21},"end":{"line":10,"column":54}},"7":{"start":{"line":11,"column":8},"end":{"line":11,"column":null}},"8":{"start":{"line":13,"column":8},"end":{"line":13,"column":16}},"9":{"start":{"line":6,"column":13},"end":{"line":6,"column":36}},"10":{"start":{"line":17,"column":39},"end":{"line":25,"column":1}},"11":{"start":{"line":18,"column":4},"end":{"line":24,"column":5}},"12":{"start":{"line":19,"column":26},"end":{"line":19,"column":34}},"13":{"start":{"line":20,"column":21},"end":{"line":20,"column":48}},"14":{"start":{"line":21,"column":8},"end":{"line":21,"column":46}},"15":{"start":{"line":23,"column":8},"end":{"line":23,"column":16}},"16":{"start":{"line":17,"column":13},"end":{"line":17,"column":39}},"17":{"start":{"line":27,"column":46},"end":{"line":35,"column":1}},"18":{"start":{"line":28,"column":4},"end":{"line":34,"column":5}},"19":{"start":{"line":29,"column":26},"end":{"line":29,"column":34}},"20":{"start":{"line":30,"column":21},"end":{"line":30,"column":48}},"21":{"start":{"line":31,"column":8},"end":{"line":31,"column":null}},"22":{"start":{"line":33,"column":8},"end":{"line":33,"column":16}},"23":{"start":{"line":27,"column":13},"end":{"line":27,"column":46}}},"fnMap":{"0":{"name":"(anonymous_0)","decl":{"start":{"line":6,"column":36},"end":{"line":6,"column":41}},"loc":{"start":{"line":6,"column":61},"end":{"line":15,"column":1}}},"1":{"name":"(anonymous_1)","decl":{"start":{"line":17,"column":39},"end":{"line":17,"column":44}},"loc":{"start":{"line":17,"column":64},"end":{"line":25,"column":1}}},"2":{"name":"(anonymous_2)","decl":{"start":{"line":27,"column":46},"end":{"line":27,"column":51}},"loc":{"start":{"line":27,"column":71},"end":{"line":35,"column":1}}}},"branchMap":{},"s":{"0":1,"1":1,"2":1,"3":2,"4":2,"5":2,"6":1,"7":1,"8":1,"9":1,"10":1,"11":2,"12":2,"13":2,"14":1,"15":1,"16":1,"17":1,"18":2,"19":2,"20":2,"21":1,"22":1,"23":1},"f":{"0":2,"1":2,"2":2},"b":{}}
,"C:\\Users\\cesarluis\\Desktop\\RecolectaSPM\\server\\src\\User\\repository\\authModel.ts": {"path":"C:\\Users\\cesarluis\\Desktop\\RecolectaSPM\\server\\src\\User\\repository\\authModel.ts","statementMap":{"0":{"start":{"line":1,"column":13},"end":{"line":5,"column":2}},"1":{"start":{"line":7,"column":13},"end":{"line":18,"column":2}},"2":{"start":{"line":20,"column":13},"end":{"line":35,"column":2}},"3":{"start":{"line":37,"column":13},"end":{"line":43,"column":2}}},"fnMap":{},"branchMap":{},"s":{"0":3,"1":3,"2":3,"3":3},"f":{},"b":{}}
,"C:\\Users\\cesarluis\\Desktop\\RecolectaSPM\\server\\src\\User\\repository\\authRepository.ts": {"path":"C:\\Users\\cesarluis\\Desktop\\RecolectaSPM\\server\\src\\User\\repository\\authRepository.ts","statementMap":{"0":{"start":{"line":2,"column":0},"end":{"line":2,"column":38}},"1":{"start":{"line":3,"column":0},"end":{"line":3,"column":42}},"2":{"start":{"line":4,"column":0},"end":{"line":4,"column":50}},"3":{"start":{"line":13,"column":8},"end":{"line":13,"column":27}},"4":{"start":{"line":17,"column":21},"end":{"line":17,"column":77}},"5":{"start":{"line":19,"column":8},"end":{"line":20,"column":59}},"6":{"start":{"line":20,"column":12},"end":{"line":20,"column":59}},"7":{"start":{"line":22,"column":8},"end":{"line":22,"column":31}},"8":{"start":{"line":26,"column":20},"end":{"line":28,"column":null}},"9":{"start":{"line":31,"column":8},"end":{"line":32,"column":30}},"10":{"start":{"line":32,"column":12},"end":{"line":32,"column":30}},"11":{"start":{"line":34,"column":8},"end":{"line":34,"column":27}},"12":{"start":{"line":39,"column":21},"end":{"line":39,"column":70}},"13":{"start":{"line":41,"column":8},"end":{"line":42,"column":38}},"14":{"start":{"line":42,"column":12},"end":{"line":42,"column":38}},"15":{"start":{"line":44,"column":27},"end":{"line":44,"column":39}},"16":{"start":{"line":45,"column":8},"end":{"line":45,"column":20}},"17":{"start":{"line":49,"column":21},"end":{"line":51,"column":null}},"18":{"start":{"line":54,"column":8},"end":{"line":55,"column":91}},"19":{"start":{"line":55,"column":12},"end":{"line":55,"column":91}},"20":{"start":{"line":57,"column":8},"end":{"line":57,"column":39}},"21":{"start":{"line":10,"column":0},"end":{"line":10,"column":21}}},"fnMap":{"0":{"name":"(anonymous_9)","decl":{"start":{"line":12,"column":4},"end":{"line":12,"column":null}},"loc":{"start":{"line":12,"column":4},"end":{"line":14,"column":5}}},"1":{"name":"(anonymous_10)","decl":{"start":{"line":16,"column":4},"end":{"line":16,"column":10}},"loc":{"start":{"line":16,"column":49},"end":{"line":23,"column":5}}},"2":{"name":"(anonymous_11)","decl":{"start":{"line":25,"column":4},"end":{"line":25,"column":10}},"loc":{"start":{"line":25,"column":66},"end":{"line":35,"column":5}}},"3":{"name":"(anonymous_12)","decl":{"start":{"line":38,"column":4},"end":{"line":38,"column":10}},"loc":{"start":{"line":38,"column":41},"end":{"line":46,"column":5}}},"4":{"name":"(anonymous_13)","decl":{"start":{"line":48,"column":4},"end":{"line":48,"column":10}},"loc":{"start":{"line":48,"column":42},"end":{"line":58,"column":5}}}},"branchMap":{"0":{"loc":{"start":{"line":19,"column":8},"end":{"line":20,"column":59}},"type":"if","locations":[{"start":{"line":19,"column":8},"end":{"line":20,"column":59}},{"start":{},"end":{}}]},"1":{"loc":{"start":{"line":31,"column":8},"end":{"line":32,"column":30}},"type":"if","locations":[{"start":{"line":31,"column":8},"end":{"line":32,"column":30}},{"start":{},"end":{}}]},"2":{"loc":{"start":{"line":41,"column":8},"end":{"line":42,"column":38}},"type":"if","locations":[{"start":{"line":41,"column":8},"end":{"line":42,"column":38}},{"start":{},"end":{}}]},"3":{"loc":{"start":{"line":54,"column":8},"end":{"line":55,"column":91}},"type":"if","locations":[{"start":{"line":54,"column":8},"end":{"line":55,"column":91}},{"start":{},"end":{}}]}},"s":{"0":3,"1":3,"2":3,"3":0,"4":2,"5":2,"6":1,"7":1,"8":2,"9":2,"10":1,"11":1,"12":2,"13":2,"14":1,"15":1,"16":1,"17":2,"18":2,"19":1,"20":1,"21":3},"f":{"0":0,"1":2,"2":2,"3":2,"4":2},"b":{"0":[1,1],"1":[1,1],"2":[1,1],"3":[1,1]}}
,"C:\\Users\\cesarluis\\Desktop\\RecolectaSPM\\server\\src\\User\\repository\\magicLinkModel.ts": {"path":"C:\\Users\\cesarluis\\Desktop\\RecolectaSPM\\server\\src\\User\\repository\\magicLinkModel.ts","statementMap":{"0":{"start":{"line":1,"column":13},"end":{"line":5,"column":2}},"1":{"start":{"line":7,"column":13},"end":{"line":19,"column":2}},"2":{"start":{"line":21,"column":13},"end":{"line":31,"column":2}},"3":{"start":{"line":33,"column":13},"end":{"line":37,"column":2}}},"fnMap":{},"branchMap":{},"s":{"0":3,"1":3,"2":3,"3":3},"f":{},"b":{}}
,"C:\\Users\\cesarluis\\Desktop\\RecolectaSPM\\server\\src\\User\\repository\\magicLinkRepository.ts": {"path":"C:\\Users\\cesarluis\\Desktop\\RecolectaSPM\\server\\src\\User\\repository\\magicLinkRepository.ts","statementMap":{"0":{"start":{"line":2,"column":0},"end":{"line":2,"column":38}},"1":{"start":{"line":3,"column":0},"end":{"line":3,"column":53}},"2":{"start":{"line":4,"column":0},"end":{"line":4,"column":85}},"3":{"start":{"line":15,"column":8},"end":{"line":15,"column":27}},"4":{"start":{"line":19,"column":20},"end":{"line":21,"column":null}},"5":{"start":{"line":24,"column":8},"end":{"line":25,"column":38}},"6":{"start":{"line":25,"column":12},"end":{"line":25,"column":38}},"7":{"start":{"line":27,"column":33},"end":{"line":27,"column":44}},"8":{"start":{"line":28,"column":8},"end":{"line":28,"column":20}},"9":{"start":{"line":32,"column":20},"end":{"line":34,"column":null}},"10":{"start":{"line":37,"column":8},"end":{"line":38,"column":68}},"11":{"start":{"line":38,"column":12},"end":{"line":38,"column":68}},"12":{"start":{"line":40,"column":8},"end":{"line":40,"column":27}},"13":{"start":{"line":44,"column":20},"end":{"line":46,"column":null}},"14":{"start":{"line":49,"column":8},"end":{"line":50,"column":42}},"15":{"start":{"line":50,"column":12},"end":{"line":50,"column":42}},"16":{"start":{"line":54,"column":8},"end":{"line":57,"column":10}},"17":{"start":{"line":12,"column":0},"end":{"line":12,"column":21}}},"fnMap":{"0":{"name":"(anonymous_9)","decl":{"start":{"line":14,"column":4},"end":{"line":14,"column":null}},"loc":{"start":{"line":14,"column":4},"end":{"line":16,"column":5}}},"1":{"name":"(anonymous_10)","decl":{"start":{"line":18,"column":4},"end":{"line":18,"column":10}},"loc":{"start":{"line":18,"column":39},"end":{"line":29,"column":5}}},"2":{"name":"(anonymous_11)","decl":{"start":{"line":31,"column":4},"end":{"line":31,"column":10}},"loc":{"start":{"line":31,"column":51},"end":{"line":41,"column":5}}},"3":{"name":"(anonymous_12)","decl":{"start":{"line":43,"column":4},"end":{"line":43,"column":10}},"loc":{"start":{"line":43,"column":39},"end":{"line":51,"column":5}}},"4":{"name":"(anonymous_13)","decl":{"start":{"line":53,"column":4},"end":{"line":53,"column":10}},"loc":{"start":{"line":53,"column":35},"end":{"line":58,"column":5}}}},"branchMap":{"0":{"loc":{"start":{"line":24,"column":8},"end":{"line":25,"column":38}},"type":"if","locations":[{"start":{"line":24,"column":8},"end":{"line":25,"column":38}},{"start":{},"end":{}}]},"1":{"loc":{"start":{"line":37,"column":8},"end":{"line":38,"column":68}},"type":"if","locations":[{"start":{"line":37,"column":8},"end":{"line":38,"column":68}},{"start":{},"end":{}}]},"2":{"loc":{"start":{"line":49,"column":8},"end":{"line":50,"column":42}},"type":"if","locations":[{"start":{"line":49,"column":8},"end":{"line":50,"column":42}},{"start":{},"end":{}}]}},"s":{"0":3,"1":3,"2":3,"3":0,"4":2,"5":2,"6":1,"7":1,"8":1,"9":2,"10":2,"11":1,"12":1,"13":2,"14":2,"15":1,"16":1,"17":3},"f":{"0":0,"1":2,"2":2,"3":2,"4":1},"b":{"0":[1,1],"1":[1,1],"2":[1,1]}}
,"C:\\Users\\cesarluis\\Desktop\\RecolectaSPM\\server\\src\\User\\repository\\tokenModel.ts": {"path":"C:\\Users\\cesarluis\\Desktop\\RecolectaSPM\\server\\src\\User\\repository\\tokenModel.ts","statementMap":{"0":{"start":{"line":1,"column":13},"end":{"line":4,"column":2}},"1":{"start":{"line":6,"column":13},"end":{"line":11,"column":2}},"2":{"start":{"line":13,"column":13},"end":{"line":17,"column":2}}},"fnMap":{},"branchMap":{},"s":{"0":2,"1":2,"2":2},"f":{},"b":{}}
,"C:\\Users\\cesarluis\\Desktop\\RecolectaSPM\\server\\src\\User\\repository\\tokenRepository.ts": {"path":"C:\\Users\\cesarluis\\Desktop\\RecolectaSPM\\server\\src\\User\\repository\\tokenRepository.ts","statementMap":{"0":{"start":{"line":2,"column":0},"end":{"line":2,"column":38}},"1":{"start":{"line":4,"column":0},"end":{"line":4,"column":45}},"2":{"start":{"line":5,"column":0},"end":{"line":5,"column":35}},"3":{"start":{"line":12,"column":8},"end":{"line":12,"column":27}},"4":{"start":{"line":17,"column":27},"end":{"line":17,"column":49}},"5":{"start":{"line":18,"column":8},"end":{"line":21,"column":10}},"6":{"start":{"line":25,"column":23},"end":{"line":27,"column":null}},"7":{"start":{"line":30,"column":8},"end":{"line":30,"column":38}},"8":{"start":{"line":34,"column":8},"end":{"line":37,"column":10}},"9":{"start":{"line":9,"column":0},"end":{"line":9,"column":21}}},"fnMap":{"0":{"name":"(anonymous_9)","decl":{"start":{"line":11,"column":4},"end":{"line":11,"column":null}},"loc":{"start":{"line":11,"column":4},"end":{"line":13,"column":5}}},"1":{"name":"(anonymous_10)","decl":{"start":{"line":15,"column":4},"end":{"line":15,"column":10}},"loc":{"start":{"line":15,"column":64},"end":{"line":22,"column":5}}},"2":{"name":"(anonymous_11)","decl":{"start":{"line":24,"column":4},"end":{"line":24,"column":10}},"loc":{"start":{"line":24,"column":67},"end":{"line":31,"column":5}}},"3":{"name":"(anonymous_12)","decl":{"start":{"line":33,"column":4},"end":{"line":33,"column":10}},"loc":{"start":{"line":33,"column":59},"end":{"line":38,"column":5}}}},"branchMap":{},"s":{"0":2,"1":2,"2":2,"3":0,"4":1,"5":1,"6":2,"7":2,"8":1,"9":2},"f":{"0":0,"1":1,"2":2,"3":1},"b":{}}
,"C:\\Users\\cesarluis\\Desktop\\RecolectaSPM\\server\\src\\User\\repository\\userModel.ts": {"path":"C:\\Users\\cesarluis\\Desktop\\RecolectaSPM\\server\\src\\User\\repository\\userModel.ts","statementMap":{"0":{"start":{"line":1,"column":13},"end":{"line":15,"column":2}},"1":{"start":{"line":17,"column":13},"end":{"line":30,"column":2}}},"fnMap":{},"branchMap":{},"s":{"0":7,"1":7},"f":{},"b":{}}
,"C:\\Users\\cesarluis\\Desktop\\RecolectaSPM\\server\\src\\User\\repository\\userRepository.ts": {"path":"C:\\Users\\cesarluis\\Desktop\\RecolectaSPM\\server\\src\\User\\repository\\userRepository.ts","statementMap":{"0":{"start":{"line":2,"column":0},"end":{"line":2,"column":38}},"1":{"start":{"line":3,"column":0},"end":{"line":3,"column":43}},"2":{"start":{"line":5,"column":0},"end":{"line":5,"column":50}},"3":{"start":{"line":10,"column":8},"end":{"line":10,"column":27}},"4":{"start":{"line":14,"column":21},"end":{"line":16,"column":null}},"5":{"start":{"line":19,"column":8},"end":{"line":20,"column":24}},"6":{"start":{"line":20,"column":12},"end":{"line":20,"column":24}},"7":{"start":{"line":22,"column":27},"end":{"line":22,"column":39}},"8":{"start":{"line":23,"column":8},"end":{"line":23,"column":20}},"9":{"start":{"line":27,"column":21},"end":{"line":29,"column":null}},"10":{"start":{"line":32,"column":8},"end":{"line":33,"column":61}},"11":{"start":{"line":33,"column":12},"end":{"line":33,"column":61}},"12":{"start":{"line":35,"column":27},"end":{"line":35,"column":39}},"13":{"start":{"line":36,"column":8},"end":{"line":36,"column":20}},"14":{"start":{"line":7,"column":0},"end":{"line":7,"column":21}}},"fnMap":{"0":{"name":"(anonymous_9)","decl":{"start":{"line":9,"column":4},"end":{"line":9,"column":null}},"loc":{"start":{"line":9,"column":4},"end":{"line":11,"column":5}}},"1":{"name":"(anonymous_10)","decl":{"start":{"line":13,"column":4},"end":{"line":13,"column":10}},"loc":{"start":{"line":13,"column":45},"end":{"line":24,"column":5}}},"2":{"name":"(anonymous_11)","decl":{"start":{"line":26,"column":4},"end":{"line":26,"column":10}},"loc":{"start":{"line":26,"column":39},"end":{"line":37,"column":5}}}},"branchMap":{"0":{"loc":{"start":{"line":19,"column":8},"end":{"line":20,"column":24}},"type":"if","locations":[{"start":{"line":19,"column":8},"end":{"line":20,"column":24}},{"start":{},"end":{}}]},"1":{"loc":{"start":{"line":32,"column":8},"end":{"line":33,"column":61}},"type":"if","locations":[{"start":{"line":32,"column":8},"end":{"line":33,"column":61}},{"start":{},"end":{}}]}},"s":{"0":7,"1":7,"2":7,"3":0,"4":2,"5":2,"6":1,"7":1,"8":1,"9":2,"10":2,"11":1,"12":1,"13":1,"14":7},"f":{"0":0,"1":2,"2":2},"b":{"0":[1,1],"1":[1,1]}}
,"C:\\Users\\cesarluis\\Desktop\\RecolectaSPM\\server\\src\\User\\services\\authServices.ts": {"path":"C:\\Users\\cesarluis\\Desktop\\RecolectaSPM\\server\\src\\User\\services\\authServices.ts","statementMap":{"0":{"start":{"line":3,"column":0},"end":{"line":3,"column":79}},"1":{"start":{"line":4,"column":0},"end":{"line":4,"column":65}},"2":{"start":{"line":5,"column":0},"end":{"line":5,"column":58}},"3":{"start":{"line":6,"column":0},"end":{"line":6,"column":84}},"4":{"start":{"line":7,"column":0},"end":{"line":7,"column":58}},"5":{"start":{"line":10,"column":35},"end":{"line":27,"column":1}},"6":{"start":{"line":11,"column":4},"end":{"line":26,"column":5}},"7":{"start":{"line":12,"column":19},"end":{"line":12,"column":75}},"8":{"start":{"line":15,"column":14},"end":{"line":15,"column":66}},"9":{"start":{"line":17,"column":8},"end":{"line":17,"column":20}},"10":{"start":{"line":19,"column":8},"end":{"line":19,"column":57}},"11":{"start":{"line":22,"column":8},"end":{"line":23,"column":66}},"12":{"start":{"line":23,"column":12},"end":{"line":23,"column":66}},"13":{"start":{"line":25,"column":8},"end":{"line":25,"column":16}},"14":{"start":{"line":10,"column":13},"end":{"line":10,"column":35}},"15":{"start":{"line":29,"column":32},"end":{"line":32,"column":1}},"16":{"start":{"line":30,"column":34},"end":{"line":30,"column":75}},"17":{"start":{"line":31,"column":4},"end":{"line":31,"column":21}},"18":{"start":{"line":29,"column":13},"end":{"line":29,"column":32}},"19":{"start":{"line":34,"column":35},"end":{"line":40,"column":1}},"20":{"start":{"line":35,"column":17},"end":{"line":35,"column":62}},"21":{"start":{"line":37,"column":4},"end":{"line":37,"column":42}},"22":{"start":{"line":38,"column":17},"end":{"line":38,"column":65}},"23":{"start":{"line":39,"column":4},"end":{"line":39,"column":16}},"24":{"start":{"line":34,"column":13},"end":{"line":34,"column":35}},"25":{"start":{"line":47,"column":38},"end":{"line":51,"column":1}},"26":{"start":{"line":48,"column":4},"end":{"line":48,"column":46}},"27":{"start":{"line":50,"column":4},"end":{"line":50,"column":44}},"28":{"start":{"line":47,"column":13},"end":{"line":47,"column":38}},"29":{"start":{"line":54,"column":32},"end":{"line":63,"column":1}},"30":{"start":{"line":55,"column":17},"end":{"line":55,"column":64}},"31":{"start":{"line":56,"column":4},"end":{"line":57,"column":34}},"32":{"start":{"line":57,"column":8},"end":{"line":57,"column":34}},"33":{"start":{"line":59,"column":26},"end":{"line":59,"column":82}},"34":{"start":{"line":60,"column":4},"end":{"line":60,"column":78}},"35":{"start":{"line":60,"column":24},"end":{"line":60,"column":78}},"36":{"start":{"line":62,"column":4},"end":{"line":62,"column":16}},"37":{"start":{"line":54,"column":13},"end":{"line":54,"column":32}},"38":{"start":{"line":65,"column":35},"end":{"line":68,"column":1}},"39":{"start":{"line":66,"column":15},"end":{"line":66,"column":59}},"40":{"start":{"line":67,"column":4},"end":{"line":67,"column":14}},"41":{"start":{"line":65,"column":13},"end":{"line":65,"column":35}}},"fnMap":{"0":{"name":"(anonymous_1)","decl":{"start":{"line":10,"column":35},"end":{"line":10,"column":40}},"loc":{"start":{"line":10,"column":86},"end":{"line":27,"column":1}}},"1":{"name":"(anonymous_2)","decl":{"start":{"line":29,"column":32},"end":{"line":29,"column":37}},"loc":{"start":{"line":29,"column":79},"end":{"line":32,"column":1}}},"2":{"name":"(anonymous_3)","decl":{"start":{"line":34,"column":35},"end":{"line":34,"column":40}},"loc":{"start":{"line":34,"column":86},"end":{"line":40,"column":1}}},"3":{"name":"(anonymous_4)","decl":{"start":{"line":47,"column":38},"end":{"line":47,"column":43}},"loc":{"start":{"line":47,"column":92},"end":{"line":51,"column":1}}},"4":{"name":"(anonymous_5)","decl":{"start":{"line":54,"column":32},"end":{"line":54,"column":37}},"loc":{"start":{"line":54,"column":73},"end":{"line":63,"column":1}}},"5":{"name":"(anonymous_6)","decl":{"start":{"line":65,"column":35},"end":{"line":65,"column":40}},"loc":{"start":{"line":65,"column":78},"end":{"line":68,"column":1}}}},"branchMap":{"0":{"loc":{"start":{"line":22,"column":8},"end":{"line":23,"column":66}},"type":"if","locations":[{"start":{"line":22,"column":8},"end":{"line":23,"column":66}},{"start":{},"end":{}}]},"1":{"loc":{"start":{"line":56,"column":4},"end":{"line":57,"column":34}},"type":"if","locations":[{"start":{"line":56,"column":4},"end":{"line":57,"column":34}},{"start":{},"end":{}}]},"2":{"loc":{"start":{"line":60,"column":4},"end":{"line":60,"column":78}},"type":"if","locations":[{"start":{"line":60,"column":4},"end":{"line":60,"column":78}},{"start":{},"end":{}}]}},"s":{"0":2,"1":2,"2":2,"3":2,"4":2,"5":2,"6":3,"7":3,"8":1,"9":1,"10":2,"11":2,"12":1,"13":1,"14":2,"15":2,"16":1,"17":1,"18":2,"19":2,"20":1,"21":1,"22":1,"23":1,"24":2,"25":2,"26":1,"27":1,"28":2,"29":2,"30":3,"31":3,"32":1,"33":2,"34":2,"35":1,"36":1,"37":2,"38":2,"39":1,"40":1,"41":2},"f":{"0":3,"1":1,"2":1,"3":1,"4":3,"5":1},"b":{"0":[1,1],"1":[1,2],"2":[1,1]}}
,"C:\\Users\\cesarluis\\Desktop\\RecolectaSPM\\server\\src\\User\\services\\cedulaService.ts": {"path":"C:\\Users\\cesarluis\\Desktop\\RecolectaSPM\\server\\src\\User\\services\\cedulaService.ts","statementMap":{"0":{"start":{"line":3,"column":37},"end":{"line":32,"column":1}},"1":{"start":{"line":5,"column":4},"end":{"line":5,"column":41}},"2":{"start":{"line":8,"column":4},"end":{"line":10,"column":5}},"3":{"start":{"line":9,"column":8},"end":{"line":9,"column":21}},"4":{"start":{"line":13,"column":4},"end":{"line":15,"column":5}},"5":{"start":{"line":14,"column":8},"end":{"line":14,"column":21}},"6":{"start":{"line":18,"column":20},"end":{"line":18,"column":48}},"7":{"start":{"line":19,"column":30},"end":{"line":19,"column":43}},"8":{"start":{"line":22,"column":15},"end":{"line":22,"column":16}},"9":{"start":{"line":23,"column":4},"end":{"line":27,"column":5}},"10":{"start":{"line":23,"column":17},"end":{"line":23,"column":18}},"11":{"start":{"line":24,"column":19},"end":{"line":24,"column":40}},"12":{"start":{"line":25,"column":23},"end":{"line":25,"column":40}},"13":{"start":{"line":26,"column":8},"end":{"line":26,"column":59}},"14":{"start":{"line":28,"column":27},"end":{"line":28,"column":50}},"15":{"start":{"line":31,"column":4},"end":{"line":31,"column":48}},"16":{"start":{"line":3,"column":13},"end":{"line":3,"column":37}}},"fnMap":{"0":{"name":"(anonymous_0)","decl":{"start":{"line":3,"column":37},"end":{"line":3,"column":38}},"loc":{"start":{"line":3,"column":56},"end":{"line":32,"column":1}}}},"branchMap":{"0":{"loc":{"start":{"line":8,"column":4},"end":{"line":10,"column":5}},"type":"if","locations":[{"start":{"line":8,"column":4},"end":{"line":10,"column":5}},{"start":{},"end":{}}]},"1":{"loc":{"start":{"line":13,"column":4},"end":{"line":15,"column":5}},"type":"if","locations":[{"start":{"line":13,"column":4},"end":{"line":15,"column":5}},{"start":{},"end":{}}]},"2":{"loc":{"start":{"line":24,"column":19},"end":{"line":24,"column":40}},"type":"cond-expr","locations":[{"start":{"line":24,"column":35},"end":{"line":24,"column":36}},{"start":{"line":24,"column":39},"end":{"line":24,"column":40}}]},"3":{"loc":{"start":{"line":26,"column":16},"end":{"line":26,"column":58}},"type":"cond-expr","locations":[{"start":{"line":26,"column":34},"end":{"line":26,"column":46}},{"start":{"line":26,"column":50},"end":{"line":26,"column":58}}]}},"s":{"0":2,"1":7,"2":7,"3":2,"4":5,"5":2,"6":3,"7":3,"8":3,"9":3,"10":3,"11":30,"12":30,"13":30,"14":3,"15":3,"16":2},"f":{"0":7},"b":{"0":[2,5],"1":[2,3],"2":[15,15],"3":[9,21]}}
,"C:\\Users\\cesarluis\\Desktop\\RecolectaSPM\\server\\src\\User\\services\\emailVerificationService.ts": {"path":"C:\\Users\\cesarluis\\Desktop\\RecolectaSPM\\server\\src\\User\\services\\emailVerificationService.ts","statementMap":{"0":{"start":{"line":1,"column":0},"end":{"line":1,"column":43}},"1":{"start":{"line":2,"column":0},"end":{"line":2,"column":77}},"2":{"start":{"line":3,"column":0},"end":{"line":3,"column":58}},"3":{"start":{"line":5,"column":40},"end":{"line":15,"column":1}},"4":{"start":{"line":6,"column":26},"end":{"line":6,"column":40}},"5":{"start":{"line":7,"column":4},"end":{"line":8,"column":36}},"6":{"start":{"line":8,"column":8},"end":{"line":8,"column":36}},"7":{"start":{"line":10,"column":17},"end":{"line":10,"column":59}},"8":{"start":{"line":11,"column":4},"end":{"line":12,"column":57}},"9":{"start":{"line":12,"column":8},"end":{"line":12,"column":57}},"10":{"start":{"line":14,"column":4},"end":{"line":14,"column":16}},"11":{"start":{"line":5,"column":13},"end":{"line":5,"column":40}}},"fnMap":{"0":{"name":"(anonymous_1)","decl":{"start":{"line":5,"column":40},"end":{"line":5,"column":45}},"loc":{"start":{"line":5,"column":82},"end":{"line":15,"column":1}}}},"branchMap":{"0":{"loc":{"start":{"line":7,"column":4},"end":{"line":8,"column":36}},"type":"if","locations":[{"start":{"line":7,"column":4},"end":{"line":8,"column":36}},{"start":{},"end":{}}]},"1":{"loc":{"start":{"line":11,"column":4},"end":{"line":12,"column":57}},"type":"if","locations":[{"start":{"line":11,"column":4},"end":{"line":12,"column":57}},{"start":{},"end":{}}]}},"s":{"0":2,"1":2,"2":2,"3":2,"4":3,"5":3,"6":1,"7":2,"8":2,"9":1,"10":1,"11":2},"f":{"0":3},"b":{"0":[1,2],"1":[1,1]}}
,"C:\\Users\\cesarluis\\Desktop\\RecolectaSPM\\server\\src\\User\\services\\userServices.ts": {"path":"C:\\Users\\cesarluis\\Desktop\\RecolectaSPM\\server\\src\\User\\services\\userServices.ts","statementMap":{"0":{"start":{"line":2,"column":0},"end":{"line":2,"column":50}},"1":{"start":{"line":3,"column":0},"end":{"line":3,"column":58}},"2":{"start":{"line":5,"column":30},"end":{"line":10,"column":1}},"3":{"start":{"line":6,"column":17},"end":{"line":6,"column":59}},"4":{"start":{"line":7,"column":4},"end":{"line":7,"column":26}},"5":{"start":{"line":7,"column":14},"end":{"line":7,"column":26}},"6":{"start":{"line":9,"column":4},"end":{"line":9,"column":53}},"7":{"start":{"line":5,"column":13},"end":{"line":5,"column":30}},"8":{"start":{"line":12,"column":31},"end":{"line":15,"column":1}},"9":{"start":{"line":13,"column":17},"end":{"line":13,"column":53}},"10":{"start":{"line":14,"column":4},"end":{"line":14,"column":16}},"11":{"start":{"line":12,"column":13},"end":{"line":12,"column":31}}},"fnMap":{"0":{"name":"(anonymous_1)","decl":{"start":{"line":5,"column":30},"end":{"line":5,"column":35}},"loc":{"start":{"line":5,"column":69},"end":{"line":10,"column":1}}},"1":{"name":"(anonymous_2)","decl":{"start":{"line":12,"column":31},"end":{"line":12,"column":36}},"loc":{"start":{"line":12,"column":67},"end":{"line":15,"column":1}}}},"branchMap":{"0":{"loc":{"start":{"line":7,"column":4},"end":{"line":7,"column":26}},"type":"if","locations":[{"start":{"line":7,"column":4},"end":{"line":7,"column":26}},{"start":{},"end":{}}]}},"s":{"0":2,"1":2,"2":2,"3":2,"4":2,"5":1,"6":1,"7":2,"8":2,"9":2,"10":1,"11":2},"f":{"0":2,"1":2},"b":{"0":[1,1]}}
,"C:\\Users\\cesarluis\\Desktop\\RecolectaSPM\\server\\src\\config\\index.ts": {"path":"C:\\Users\\cesarluis\\Desktop\\RecolectaSPM\\server\\src\\config\\index.ts","statementMap":{"0":{"start":{"line":24,"column":26},"end":{"line":45,"column":2}},"1":{"start":{"line":47,"column":0},"end":{"line":47,"column":22}}},"fnMap":{},"branchMap":{"0":{"loc":{"start":{"line":25,"column":19},"end":{"line":25,"column":45}},"type":"binary-expr","locations":[{"start":{"line":25,"column":19},"end":{"line":25,"column":35}},{"start":{"line":25,"column":39},"end":{"line":25,"column":45}}]},"1":{"loc":{"start":{"line":26,"column":21},"end":{"line":26,"column":71}},"type":"binary-expr","locations":[{"start":{"line":26,"column":21},"end":{"line":26,"column":50}},{"start":{"line":26,"column":54},"end":{"line":26,"column":71}}]},"2":{"loc":{"start":{"line":27,"column":22},"end":{"line":27,"column":69}},"type":"binary-expr","locations":[{"start":{"line":27,"column":22},"end":{"line":27,"column":52}},{"start":{"line":27,"column":56},"end":{"line":27,"column":69}}]},"3":{"loc":{"start":{"line":28,"column":12},"end":{"line":28,"column":64}},"type":"binary-expr","locations":[{"start":{"line":28,"column":12},"end":{"line":28,"column":37}},{"start":{"line":28,"column":41},"end":{"line":28,"column":64}}]},"4":{"loc":{"start":{"line":29,"column":9},"end":{"line":29,"column":45}},"type":"binary-expr","locations":[{"start":{"line":29,"column":9},"end":{"line":29,"column":29}},{"start":{"line":29,"column":33},"end":{"line":29,"column":45}}]},"5":{"loc":{"start":{"line":31,"column":14},"end":{"line":31,"column":41}},"type":"binary-expr","locations":[{"start":{"line":31,"column":14},"end":{"line":31,"column":35}},{"start":{"line":31,"column":39},"end":{"line":31,"column":41}}]},"6":{"loc":{"start":{"line":32,"column":14},"end":{"line":32,"column":41}},"type":"binary-expr","locations":[{"start":{"line":32,"column":14},"end":{"line":32,"column":35}},{"start":{"line":32,"column":39},"end":{"line":32,"column":41}}]},"7":{"loc":{"start":{"line":33,"column":14},"end":{"line":33,"column":41}},"type":"binary-expr","locations":[{"start":{"line":33,"column":14},"end":{"line":33,"column":35}},{"start":{"line":33,"column":39},"end":{"line":33,"column":41}}]},"8":{"loc":{"start":{"line":36,"column":14},"end":{"line":36,"column":47}},"type":"binary-expr","locations":[{"start":{"line":36,"column":14},"end":{"line":36,"column":33}},{"start":{"line":36,"column":37},"end":{"line":36,"column":47}}]},"9":{"loc":{"start":{"line":37,"column":14},"end":{"line":37,"column":48}},"type":"binary-expr","locations":[{"start":{"line":37,"column":14},"end":{"line":37,"column":33}},{"start":{"line":37,"column":37},"end":{"line":37,"column":48}}]},"10":{"loc":{"start":{"line":38,"column":18},"end":{"line":38,"column":51}},"type":"binary-expr","locations":[{"start":{"line":38,"column":18},"end":{"line":38,"column":37}},{"start":{"line":38,"column":41},"end":{"line":38,"column":51}}]},"11":{"loc":{"start":{"line":39,"column":18},"end":{"line":39,"column":56}},"type":"binary-expr","locations":[{"start":{"line":39,"column":18},"end":{"line":39,"column":37}},{"start":{"line":39,"column":41},"end":{"line":39,"column":56}}]},"12":{"loc":{"start":{"line":40,"column":23},"end":{"line":40,"column":52}},"type":"binary-expr","locations":[{"start":{"line":40,"column":23},"end":{"line":40,"column":42}},{"start":{"line":40,"column":46},"end":{"line":40,"column":52}}]},"13":{"loc":{"start":{"line":43,"column":30},"end":{"line":43,"column":58}},"type":"binary-expr","locations":[{"start":{"line":43,"column":30},"end":{"line":43,"column":52}},{"start":{"line":43,"column":56},"end":{"line":43,"column":58}}]}},"s":{"0":13,"1":13},"f":{},"b":{"0":[13,13],"1":[13,13],"2":[13,13],"3":[13,13],"4":[13,0],"5":[13,13],"6":[13,13],"7":[13,13],"8":[13,13],"9":[13,13],"10":[13,13],"11":[13,13],"12":[13,13],"13":[13,13]}}
,"C:\\Users\\cesarluis\\Desktop\\RecolectaSPM\\server\\src\\database\\index.ts": {"path":"C:\\Users\\cesarluis\\Desktop\\RecolectaSPM\\server\\src\\database\\index.ts","statementMap":{"0":{"start":{"line":1,"column":0},"end":{"line":1,"column":26}},"1":{"start":{"line":2,"column":0},"end":{"line":2,"column":31}},"2":{"start":{"line":5,"column":4},"end":{"line":6,"column":116}},"3":{"start":{"line":8,"column":13},"end":{"line":13,"column":3}}},"fnMap":{},"branchMap":{"0":{"loc":{"start":{"line":5,"column":4},"end":{"line":6,"column":116}},"type":"binary-expr","locations":[{"start":{"line":5,"column":4},"end":{"line":5,"column":29}},{"start":{"line":6,"column":4},"end":{"line":6,"column":116}}]}},"s":{"0":9,"1":9,"2":9,"3":9},"f":{},"b":{"0":[9,9]}}
,"C:\\Users\\cesarluis\\Desktop\\RecolectaSPM\\server\\src\\utils\\SMTP.ts": {"path":"C:\\Users\\cesarluis\\Desktop\\RecolectaSPM\\server\\src\\utils\\SMTP.ts","statementMap":{"0":{"start":{"line":1,"column":0},"end":{"line":1,"column":36}},"1":{"start":{"line":2,"column":0},"end":{"line":2,"column":31}},"2":{"start":{"line":4,"column":20},"end":{"line":12,"column":2}},"3":{"start":{"line":14,"column":0},"end":{"line":14,"column":27}}},"fnMap":{},"branchMap":{},"s":{"0":1,"1":1,"2":1,"3":1},"f":{},"b":{}}
,"C:\\Users\\cesarluis\\Desktop\\RecolectaSPM\\server\\src\\utils\\error.ts": {"path":"C:\\Users\\cesarluis\\Desktop\\RecolectaSPM\\server\\src\\utils\\error.ts","statementMap":{"0":{"start":{"line":4,"column":8},"end":{"line":4,"column":23}},"1":{"start":{"line":5,"column":8},"end":{"line":5,"column":37}},"2":{"start":{"line":6,"column":8},"end":{"line":6,"column":56}},"3":{"start":{"line":1,"column":0},"end":{"line":1,"column":13}},"4":{"start":{"line":12,"column":8},"end":{"line":12,"column":29}},"5":{"start":{"line":10,"column":0},"end":{"line":10,"column":13}},"6":{"start":{"line":18,"column":8},"end":{"line":18,"column":28}},"7":{"start":{"line":16,"column":0},"end":{"line":16,"column":13}},"8":{"start":{"line":24,"column":8},"end":{"line":24,"column":28}},"9":{"start":{"line":22,"column":0},"end":{"line":22,"column":13}},"10":{"start":{"line":30,"column":8},"end":{"line":30,"column":28}},"11":{"start":{"line":28,"column":0},"end":{"line":28,"column":13}},"12":{"start":{"line":36,"column":8},"end":{"line":36,"column":28}},"13":{"start":{"line":34,"column":0},"end":{"line":34,"column":13}},"14":{"start":{"line":42,"column":8},"end":{"line":42,"column":28}},"15":{"start":{"line":40,"column":0},"end":{"line":40,"column":13}}},"fnMap":{"0":{"name":"(anonymous_0)","decl":{"start":{"line":3,"column":4},"end":{"line":3,"column":16}},"loc":{"start":{"line":3,"column":51},"end":{"line":7,"column":5}}},"1":{"name":"(anonymous_1)","decl":{"start":{"line":11,"column":4},"end":{"line":11,"column":16}},"loc":{"start":{"line":11,"column":58},"end":{"line":13,"column":5}}},"2":{"name":"(anonymous_2)","decl":{"start":{"line":17,"column":4},"end":{"line":17,"column":16}},"loc":{"start":{"line":17,"column":53},"end":{"line":19,"column":5}}},"3":{"name":"(anonymous_3)","decl":{"start":{"line":23,"column":4},"end":{"line":23,"column":16}},"loc":{"start":{"line":23,"column":46},"end":{"line":25,"column":5}}},"4":{"name":"(anonymous_4)","decl":{"start":{"line":29,"column":4},"end":{"line":29,"column":16}},"loc":{"start":{"line":29,"column":41},"end":{"line":31,"column":5}}},"5":{"name":"(anonymous_5)","decl":{"start":{"line":35,"column":4},"end":{"line":35,"column":16}},"loc":{"start":{"line":35,"column":41},"end":{"line":37,"column":5}}},"6":{"name":"(anonymous_6)","decl":{"start":{"line":41,"column":4},"end":{"line":41,"column":16}},"loc":{"start":{"line":41,"column":43},"end":{"line":43,"column":5}}}},"branchMap":{"0":{"loc":{"start":{"line":11,"column":16},"end":{"line":11,"column":58}},"type":"default-arg","locations":[{"start":{"line":11,"column":35},"end":{"line":11,"column":58}}]},"1":{"loc":{"start":{"line":17,"column":16},"end":{"line":17,"column":53}},"type":"default-arg","locations":[{"start":{"line":17,"column":34},"end":{"line":17,"column":53}}]},"2":{"loc":{"start":{"line":23,"column":16},"end":{"line":23,"column":46}},"type":"default-arg","locations":[{"start":{"line":23,"column":26},"end":{"line":23,"column":46}}]},"3":{"loc":{"start":{"line":29,"column":16},"end":{"line":29,"column":41}},"type":"default-arg","locations":[{"start":{"line":29,"column":26},"end":{"line":29,"column":41}}]},"4":{"loc":{"start":{"line":35,"column":16},"end":{"line":35,"column":41}},"type":"default-arg","locations":[{"start":{"line":35,"column":26},"end":{"line":35,"column":41}}]},"5":{"loc":{"start":{"line":41,"column":16},"end":{"line":41,"column":43}},"type":"default-arg","locations":[{"start":{"line":41,"column":26},"end":{"line":41,"column":43}}]}},"s":{"0":23,"1":23,"2":23,"3":16,"4":9,"5":16,"6":2,"7":16,"8":4,"9":16,"10":0,"11":16,"12":6,"13":16,"14":2,"15":16},"f":{"0":23,"1":9,"2":2,"3":4,"4":0,"5":6,"6":2},"b":{"0":[3],"1":[0],"2":[1],"3":[0],"4":[3],"5":[1]}}
,"C:\\Users\\cesarluis\\Desktop\\RecolectaSPM\\server\\src\\utils\\hash.ts": {"path":"C:\\Users\\cesarluis\\Desktop\\RecolectaSPM\\server\\src\\utils\\hash.ts","statementMap":{"0":{"start":{"line":1,"column":0},"end":{"line":1,"column":30}},"1":{"start":{"line":3,"column":19},"end":{"line":3,"column":21}},"2":{"start":{"line":5,"column":28},"end":{"line":7,"column":1}},"3":{"start":{"line":6,"column":4},"end":{"line":6,"column":51}},"4":{"start":{"line":5,"column":13},"end":{"line":5,"column":28}},"5":{"start":{"line":9,"column":31},"end":{"line":11,"column":1}},"6":{"start":{"line":10,"column":4},"end":{"line":10,"column":48}},"7":{"start":{"line":9,"column":13},"end":{"line":9,"column":31}}},"fnMap":{"0":{"name":"(anonymous_1)","decl":{"start":{"line":5,"column":28},"end":{"line":5,"column":33}},"loc":{"start":{"line":5,"column":72},"end":{"line":7,"column":1}}},"1":{"name":"(anonymous_2)","decl":{"start":{"line":9,"column":31},"end":{"line":9,"column":36}},"loc":{"start":{"line":9,"column":90},"end":{"line":11,"column":1}}}},"branchMap":{},"s":{"0":2,"1":2,"2":2,"3":0,"4":2,"5":2,"6":0,"7":2},"f":{"0":0,"1":0},"b":{}}
,"C:\\Users\\cesarluis\\Desktop\\RecolectaSPM\\server\\src\\utils\\token.ts": {"path":"C:\\Users\\cesarluis\\Desktop\\RecolectaSPM\\server\\src\\utils\\token.ts","statementMap":{"0":{"start":{"line":1,"column":0},"end":{"line":1,"column":31}},"1":{"start":{"line":2,"column":0},"end":{"line":2,"column":31}},"2":{"start":{"line":9,"column":26},"end":{"line":9,"column":48}},"3":{"start":{"line":10,"column":27},"end":{"line":10,"column":50}},"4":{"start":{"line":12,"column":35},"end":{"line":14,"column":1}},"5":{"start":{"line":13,"column":4},"end":{"line":13,"column":70}},"6":{"start":{"line":12,"column":13},"end":{"line":12,"column":35}},"7":{"start":{"line":16,"column":36},"end":{"line":18,"column":1}},"8":{"start":{"line":17,"column":4},"end":{"line":17,"column":70}},"9":{"start":{"line":16,"column":13},"end":{"line":16,"column":36}},"10":{"start":{"line":20,"column":33},"end":{"line":22,"column":1}},"11":{"start":{"line":21,"column":4},"end":{"line":21,"column":64}},"12":{"start":{"line":20,"column":13},"end":{"line":20,"column":33}},"13":{"start":{"line":24,"column":34},"end":{"line":26,"column":1}},"14":{"start":{"line":25,"column":4},"end":{"line":25,"column":65}},"15":{"start":{"line":24,"column":13},"end":{"line":24,"column":34}}},"fnMap":{"0":{"name":"(anonymous_1)","decl":{"start":{"line":12,"column":35},"end":{"line":12,"column":36}},"loc":{"start":{"line":12,"column":69},"end":{"line":14,"column":1}}},"1":{"name":"(anonymous_2)","decl":{"start":{"line":16,"column":36},"end":{"line":16,"column":37}},"loc":{"start":{"line":16,"column":70},"end":{"line":18,"column":1}}},"2":{"name":"(anonymous_3)","decl":{"start":{"line":20,"column":33},"end":{"line":20,"column":34}},"loc":{"start":{"line":20,"column":65},"end":{"line":22,"column":1}}},"3":{"name":"(anonymous_4)","decl":{"start":{"line":24,"column":34},"end":{"line":24,"column":35}},"loc":{"start":{"line":24,"column":66},"end":{"line":26,"column":1}}}},"branchMap":{},"s":{"0":2,"1":2,"2":2,"3":2,"4":2,"5":0,"6":2,"7":2,"8":0,"9":2,"10":2,"11":0,"12":2,"13":2,"14":0,"15":2},"f":{"0":0,"1":0,"2":0,"3":0},"b":{}}
}
