TN:
SF:src\User\controllers\authCtrl.ts
FN:12,(anonymous_1)
FN:38,(anonymous_2)
FN:67,(anonymous_3)
FN:77,(anonymous_4)
FN:98,(anonymous_5)
FN:135,(anonymous_6)
FN:173,(anonymous_7)
FN:217,(anonymous_8)
FNF:8
FNH:8
FNDA:3,(anonymous_1)
FNDA:1,(anonymous_2)
FNDA:1,(anonymous_3)
FNDA:1,(anonymous_4)
FNDA:2,(anonymous_5)
FNDA:3,(anonymous_6)
FNDA:3,(anonymous_7)
FNDA:2,(anonymous_8)
DA:3,1
DA:4,1
DA:5,1
DA:6,1
DA:7,1
DA:8,1
DA:9,1
DA:10,1
DA:12,1
DA:13,3
DA:14,3
DA:15,3
DA:17,3
DA:18,1
DA:20,2
DA:21,0
DA:23,2
DA:24,0
DA:26,2
DA:27,2
DA:29,1
DA:30,1
DA:32,1
DA:34,2
DA:38,1
DA:39,1
DA:40,1
DA:41,1
DA:43,1
DA:45,1
DA:52,1
DA:63,0
DA:67,1
DA:68,1
DA:69,1
DA:70,1
DA:71,1
DA:73,0
DA:77,1
DA:78,1
DA:79,1
DA:81,1
DA:83,1
DA:94,0
DA:98,1
DA:99,2
DA:100,2
DA:102,2
DA:103,1
DA:105,1
DA:106,1
DA:108,1
DA:109,1
DA:111,1
DA:113,1
DA:131,1
DA:135,1
DA:136,3
DA:137,3
DA:138,3
DA:139,1
DA:141,2
DA:142,0
DA:144,2
DA:146,1
DA:147,1
DA:149,1
DA:151,1
DA:169,2
DA:173,1
DA:174,3
DA:175,3
DA:176,3
DA:177,1
DA:180,2
DA:181,2
DA:183,1
DA:186,1
DA:187,1
DA:189,1
DA:190,1
DA:191,1
DA:193,1
DA:194,1
DA:196,1
DA:213,2
DA:217,1
DA:218,2
DA:219,2
DA:220,2
DA:222,2
DA:223,2
DA:225,1
DA:237,1
DA:239,1
DA:242,1
DA:257,0
LF:97
LH:90
BRDA:17,0,0,1
BRDA:17,0,1,2
BRDA:17,1,0,3
BRDA:17,1,1,3
BRDA:17,1,2,2
BRDA:17,1,3,2
BRDA:20,2,0,0
BRDA:20,2,1,2
BRDA:20,3,0,2
BRDA:20,3,1,2
BRDA:23,4,0,0
BRDA:23,4,1,2
BRDA:27,5,0,1
BRDA:27,5,1,1
BRDA:56,6,0,0
BRDA:56,6,1,1
BRDA:87,7,0,0
BRDA:87,7,1,1
BRDA:102,8,0,1
BRDA:102,8,1,1
BRDA:117,9,0,0
BRDA:117,9,1,1
BRDA:124,10,0,0
BRDA:124,10,1,1
BRDA:138,11,0,1
BRDA:138,11,1,2
BRDA:138,12,0,3
BRDA:138,12,1,3
BRDA:141,13,0,0
BRDA:141,13,1,2
BRDA:141,14,0,2
BRDA:141,14,1,2
BRDA:155,15,0,0
BRDA:155,15,1,1
BRDA:162,16,0,0
BRDA:162,16,1,1
BRDA:176,17,0,1
BRDA:176,17,1,2
BRDA:187,18,0,0
BRDA:187,18,1,1
BRDA:200,19,0,0
BRDA:200,19,1,1
BRDA:207,20,0,0
BRDA:207,20,1,1
BRDA:220,21,0,2
BRDA:220,21,1,0
BRDA:229,22,0,0
BRDA:229,22,1,1
BRDA:234,23,0,0
BRDA:234,23,1,1
BRDA:246,24,0,0
BRDA:246,24,1,1
BRDA:252,25,0,0
BRDA:252,25,1,1
BRF:54
BRH:37
end_of_record
TN:
SF:src\User\controllers\userCtrl.ts
FN:6,(anonymous_0)
FN:17,(anonymous_1)
FN:27,(anonymous_2)
FNF:3
FNH:3
FNDA:2,(anonymous_0)
FNDA:2,(anonymous_1)
FNDA:2,(anonymous_2)
DA:2,1
DA:3,1
DA:6,1
DA:7,2
DA:8,2
DA:9,2
DA:10,1
DA:11,1
DA:13,1
DA:17,1
DA:18,2
DA:19,2
DA:20,2
DA:21,1
DA:23,1
DA:27,1
DA:28,2
DA:29,2
DA:30,2
DA:31,1
DA:33,1
LF:21
LH:21
BRF:0
BRH:0
end_of_record
TN:
SF:src\User\repository\authModel.ts
FNF:0
FNH:0
DA:1,3
DA:7,3
DA:20,3
DA:37,3
LF:4
LH:4
BRF:0
BRH:0
end_of_record
TN:
SF:src\User\repository\authRepository.ts
FN:12,(anonymous_9)
FN:16,(anonymous_10)
FN:25,(anonymous_11)
FN:38,(anonymous_12)
FN:48,(anonymous_13)
FNF:5
FNH:4
FNDA:0,(anonymous_9)
FNDA:2,(anonymous_10)
FNDA:2,(anonymous_11)
FNDA:2,(anonymous_12)
FNDA:2,(anonymous_13)
DA:2,3
DA:3,3
DA:4,3
DA:10,3
DA:13,0
DA:17,2
DA:19,2
DA:20,1
DA:22,1
DA:26,2
DA:31,2
DA:32,1
DA:34,1
DA:39,2
DA:41,2
DA:42,1
DA:44,1
DA:45,1
DA:49,2
DA:54,2
DA:55,1
DA:57,1
LF:22
LH:21
BRDA:19,0,0,1
BRDA:19,0,1,1
BRDA:31,1,0,1
BRDA:31,1,1,1
BRDA:41,2,0,1
BRDA:41,2,1,1
BRDA:54,3,0,1
BRDA:54,3,1,1
BRF:8
BRH:8
end_of_record
TN:
SF:src\User\repository\magicLinkModel.ts
FNF:0
FNH:0
DA:1,3
DA:7,3
DA:21,3
DA:33,3
LF:4
LH:4
BRF:0
BRH:0
end_of_record
TN:
SF:src\User\repository\magicLinkRepository.ts
FN:14,(anonymous_9)
FN:18,(anonymous_10)
FN:31,(anonymous_11)
FN:43,(anonymous_12)
FN:53,(anonymous_13)
FNF:5
FNH:4
FNDA:0,(anonymous_9)
FNDA:2,(anonymous_10)
FNDA:2,(anonymous_11)
FNDA:2,(anonymous_12)
FNDA:1,(anonymous_13)
DA:2,3
DA:3,3
DA:4,3
DA:12,3
DA:15,0
DA:19,2
DA:24,2
DA:25,1
DA:27,1
DA:28,1
DA:32,2
DA:37,2
DA:38,1
DA:40,1
DA:44,2
DA:49,2
DA:50,1
DA:54,1
LF:18
LH:17
BRDA:24,0,0,1
BRDA:24,0,1,1
BRDA:37,1,0,1
BRDA:37,1,1,1
BRDA:49,2,0,1
BRDA:49,2,1,1
BRF:6
BRH:6
end_of_record
TN:
SF:src\User\repository\tokenModel.ts
FNF:0
FNH:0
DA:1,2
DA:6,2
DA:13,2
LF:3
LH:3
BRF:0
BRH:0
end_of_record
TN:
SF:src\User\repository\tokenRepository.ts
FN:11,(anonymous_9)
FN:15,(anonymous_10)
FN:24,(anonymous_11)
FN:33,(anonymous_12)
FNF:4
FNH:3
FNDA:0,(anonymous_9)
FNDA:1,(anonymous_10)
FNDA:2,(anonymous_11)
FNDA:1,(anonymous_12)
DA:2,2
DA:4,2
DA:5,2
DA:9,2
DA:12,0
DA:17,1
DA:18,1
DA:25,2
DA:30,2
DA:34,1
LF:10
LH:9
BRF:0
BRH:0
end_of_record
TN:
SF:src\User\repository\userModel.ts
FNF:0
FNH:0
DA:1,7
DA:17,7
LF:2
LH:2
BRF:0
BRH:0
end_of_record
TN:
SF:src\User\repository\userRepository.ts
FN:9,(anonymous_9)
FN:13,(anonymous_10)
FN:26,(anonymous_11)
FNF:3
FNH:2
FNDA:0,(anonymous_9)
FNDA:2,(anonymous_10)
FNDA:2,(anonymous_11)
DA:2,7
DA:3,7
DA:5,7
DA:7,7
DA:10,0
DA:14,2
DA:19,2
DA:20,1
DA:22,1
DA:23,1
DA:27,2
DA:32,2
DA:33,1
DA:35,1
DA:36,1
LF:15
LH:14
BRDA:19,0,0,1
BRDA:19,0,1,1
BRDA:32,1,0,1
BRDA:32,1,1,1
BRF:4
BRH:4
end_of_record
TN:
SF:src\User\services\authServices.ts
FN:10,(anonymous_1)
FN:29,(anonymous_2)
FN:34,(anonymous_3)
FN:47,(anonymous_4)
FN:54,(anonymous_5)
FN:65,(anonymous_6)
FNF:6
FNH:6
FNDA:3,(anonymous_1)
FNDA:1,(anonymous_2)
FNDA:1,(anonymous_3)
FNDA:1,(anonymous_4)
FNDA:3,(anonymous_5)
FNDA:1,(anonymous_6)
DA:3,2
DA:4,2
DA:5,2
DA:6,2
DA:7,2
DA:10,2
DA:11,3
DA:12,3
DA:15,1
DA:17,1
DA:19,2
DA:22,2
DA:23,1
DA:25,1
DA:29,2
DA:30,1
DA:31,1
DA:34,2
DA:35,1
DA:37,1
DA:38,1
DA:39,1
DA:47,2
DA:48,1
DA:50,1
DA:54,2
DA:55,3
DA:56,3
DA:57,1
DA:59,2
DA:60,2
DA:62,1
DA:65,2
DA:66,1
DA:67,1
LF:35
LH:35
BRDA:22,0,0,1
BRDA:22,0,1,1
BRDA:56,1,0,1
BRDA:56,1,1,2
BRDA:60,2,0,1
BRDA:60,2,1,1
BRF:6
BRH:6
end_of_record
TN:
SF:src\User\services\cedulaService.ts
FN:3,(anonymous_0)
FNF:1
FNH:1
FNDA:7,(anonymous_0)
DA:3,2
DA:5,7
DA:8,7
DA:9,2
DA:13,5
DA:14,2
DA:18,3
DA:19,3
DA:22,3
DA:23,3
DA:24,30
DA:25,30
DA:26,30
DA:28,3
DA:31,3
LF:15
LH:15
BRDA:8,0,0,2
BRDA:8,0,1,5
BRDA:13,1,0,2
BRDA:13,1,1,3
BRDA:24,2,0,15
BRDA:24,2,1,15
BRDA:26,3,0,9
BRDA:26,3,1,21
BRF:8
BRH:8
end_of_record
TN:
SF:src\User\services\emailVerificationService.ts
FN:5,(anonymous_1)
FNF:1
FNH:1
FNDA:3,(anonymous_1)
DA:1,2
DA:2,2
DA:3,2
DA:5,2
DA:6,3
DA:7,3
DA:8,1
DA:10,2
DA:11,2
DA:12,1
DA:14,1
LF:11
LH:11
BRDA:7,0,0,1
BRDA:7,0,1,2
BRDA:11,1,0,1
BRDA:11,1,1,1
BRF:4
BRH:4
end_of_record
TN:
SF:src\User\services\userServices.ts
FN:5,(anonymous_1)
FN:12,(anonymous_2)
FNF:2
FNH:2
FNDA:2,(anonymous_1)
FNDA:2,(anonymous_2)
DA:2,2
DA:3,2
DA:5,2
DA:6,2
DA:7,2
DA:9,1
DA:12,2
DA:13,2
DA:14,1
LF:9
LH:9
BRDA:7,0,0,1
BRDA:7,0,1,1
BRF:2
BRH:2
end_of_record
TN:
SF:src\config\index.ts
FNF:0
FNH:0
DA:24,13
DA:47,13
LF:2
LH:2
BRDA:25,0,0,13
BRDA:25,0,1,13
BRDA:26,1,0,13
BRDA:26,1,1,13
BRDA:27,2,0,13
BRDA:27,2,1,13
BRDA:28,3,0,13
BRDA:28,3,1,13
BRDA:29,4,0,13
BRDA:29,4,1,0
BRDA:31,5,0,13
BRDA:31,5,1,13
BRDA:32,6,0,13
BRDA:32,6,1,13
BRDA:33,7,0,13
BRDA:33,7,1,13
BRDA:36,8,0,13
BRDA:36,8,1,13
BRDA:37,9,0,13
BRDA:37,9,1,13
BRDA:38,10,0,13
BRDA:38,10,1,13
BRDA:39,11,0,13
BRDA:39,11,1,13
BRDA:40,12,0,13
BRDA:40,12,1,13
BRDA:43,13,0,13
BRDA:43,13,1,13
BRF:28
BRH:27
end_of_record
TN:
SF:src\database\index.ts
FNF:0
FNH:0
DA:1,9
DA:2,9
DA:5,9
DA:8,9
LF:4
LH:4
BRDA:5,0,0,9
BRDA:5,0,1,9
BRF:2
BRH:2
end_of_record
TN:
SF:src\utils\SMTP.ts
FNF:0
FNH:0
DA:1,1
DA:2,1
DA:4,1
DA:14,1
LF:4
LH:4
BRF:0
BRH:0
end_of_record
TN:
SF:src\utils\error.ts
FN:3,(anonymous_0)
FN:11,(anonymous_1)
FN:17,(anonymous_2)
FN:23,(anonymous_3)
FN:29,(anonymous_4)
FN:35,(anonymous_5)
FN:41,(anonymous_6)
FNF:7
FNH:6
FNDA:23,(anonymous_0)
FNDA:9,(anonymous_1)
FNDA:2,(anonymous_2)
FNDA:4,(anonymous_3)
FNDA:0,(anonymous_4)
FNDA:6,(anonymous_5)
FNDA:2,(anonymous_6)
DA:1,16
DA:4,23
DA:5,23
DA:6,23
DA:10,16
DA:12,9
DA:16,16
DA:18,2
DA:22,16
DA:24,4
DA:28,16
DA:30,0
DA:34,16
DA:36,6
DA:40,16
DA:42,2
LF:16
LH:15
BRDA:11,0,0,3
BRDA:17,1,0,0
BRDA:23,2,0,1
BRDA:29,3,0,0
BRDA:35,4,0,3
BRDA:41,5,0,1
BRF:6
BRH:4
end_of_record
TN:
SF:src\utils\hash.ts
FN:5,(anonymous_1)
FN:9,(anonymous_2)
FNF:2
FNH:0
FNDA:0,(anonymous_1)
FNDA:0,(anonymous_2)
DA:1,2
DA:3,2
DA:5,2
DA:6,0
DA:9,2
DA:10,0
LF:6
LH:4
BRF:0
BRH:0
end_of_record
TN:
SF:src\utils\token.ts
FN:12,(anonymous_1)
FN:16,(anonymous_2)
FN:20,(anonymous_3)
FN:24,(anonymous_4)
FNF:4
FNH:0
FNDA:0,(anonymous_1)
FNDA:0,(anonymous_2)
FNDA:0,(anonymous_3)
FNDA:0,(anonymous_4)
DA:1,2
DA:2,2
DA:9,2
DA:10,2
DA:12,2
DA:13,0
DA:16,2
DA:17,0
DA:20,2
DA:21,0
DA:24,2
DA:25,0
LF:12
LH:8
BRF:0
BRH:0
end_of_record
